[2024-11-06 14:49:08] AUTHENTICATION: Tentativa de login bem-sucedida para o email: coord_local1@protecao.gov.pt
[2024-11-06 14:49:20] AUTHENTICATION: Tentativa de login bem-sucedida para o email: operador1@protecao.gov.pt
[2024-11-06 14:49:27] AUTHENTICATION: Tentativa de login bem-sucedida para o email: voluntario1@protecao.gov.pt
[2024-11-06 14:49:39] AUTHENTICATION: Tentativa de login bem-sucedida para o email: coord_regional@protecao.gov.pt
[2024-11-06 14:51:34] AUTHENTICATION: Tentativa de login bem-sucedida para o email: coord_regional@protecao.gov.pt
[2024-11-06 14:51:49] AUTHENTICATION: Tentativa de login bem-sucedida para o email: coord_local1@protecao.gov.pt
[2024-11-06 14:52:00] AUTHENTICATION: Tentativa de login bem-sucedida para o email: voluntario1@protecao.gov.pt
[2024-11-06 14:52:24] AUTHENTICATION: Tentativa de login bem-sucedida para o email: operador1@protecao.gov.pt
[2024-11-06 15:06:03] AUTHENTICATION: Tentativa de login bem-sucedida para o email: coord_regional@protecao.gov.pt
[2024-11-06 15:06:17] AUTHENTICATION: Tentativa de login bem-sucedida para o email: coord_local1@protecao.gov.pt
[2024-11-06 15:06:26] AUTHENTICATION: Tentativa de login bem-sucedida para o email: operador1@protecao.gov.pt
[2024-11-06 15:06:34] AUTHENTICATION: Tentativa de login bem-sucedida para o email: agente_emergencia2@protecao.gov.pt
[2024-11-06 15:13:26] AUTHENTICATION: Tentativa de login bem-sucedida para o email: coord_regional@protecao.gov.pt
[2024-11-06 15:13:37] AUTHENTICATION: Tentativa de login bem-sucedida para o email: coord_local1@protecao.gov.pt
[2024-11-06 15:13:47] AUTHENTICATION: Tentativa de login bem-sucedida para o email: operador1@protecao.gov.pt
[2024-11-06 15:13:58] AUTHENTICATION: Tentativa de login bem-sucedida para o email: agente_emergencia2@protecao.gov.pt
[2024-11-06 15:27:34] AUTHENTICATION: Tentativa de login bem-sucedida para o email: coord_regional@protecao.gov.pt
[2024-11-06 15:27:42] AUTHENTICATION: Tentativa de login bem-sucedida para o email: coord_local1@protecao.gov.pt
[2024-11-06 15:28:31] MESSAGE: Mensagem de coord_regional@protecao.gov.pt para coord_regional@protecao.gov.pt: coord_local1@protecao.gov.pt: Boa Tarde Coordenador Regional, encontro-me bem e o Senhor?
[2024-11-06 15:29:03] MESSAGE: Mensagem de coord_local1@protecao.gov.pt para coord_local1@protecao.gov.pt: coord_regional@protecao.gov.pt: Boa Tarde
[2024-11-06 15:45:00] AUTHENTICATION: Tentativa de login bem-sucedida para o email: coord_regional@protecao.gov.pt
[2024-11-06 15:45:08] AUTHENTICATION: Tentativa de login bem-sucedida para o email: coord_local1@protecao.gov.pt
[2024-11-06 15:45:17] AUTHENTICATION: Tentativa de login bem-sucedida para o email: operador1@protecao.gov.pt
[2024-11-06 15:45:25] AUTHENTICATION: Tentativa de login bem-sucedida para o email: agente_emergencia2@protecao.gov.pt
[2024-11-06 15:45:51] MESSAGE: Mensagem de operador1@protecao.gov.pt para operador1@protecao.gov.pt: coord_regional@protecao.gov.pt: Boa Tarde Operador1, como se encontra?
[2024-11-06 15:46:00] MESSAGE: Mensagem de coord_regional@protecao.gov.pt para coord_regional@protecao.gov.pt: operador1@protecao.gov.pt: Boa Tarde Coordenador Regional, encontro-me bem e o Senhor?
[2024-11-06 15:48:21] AUTHENTICATION: Tentativa de login bem-sucedida para o email: coord_regional@protecao.gov.pt
[2024-11-06 15:48:29] AUTHENTICATION: Tentativa de login bem-sucedida para o email: coord_local1@protecao.gov.pt
[2024-11-06 15:48:38] AUTHENTICATION: Tentativa de login bem-sucedida para o email: operador1@protecao.gov.pt
[2024-11-06 15:48:46] AUTHENTICATION: Tentativa de login bem-sucedida para o email: agente_emergencia2@protecao.gov.pt
[2024-11-06 15:51:51] AUTHENTICATION: Tentativa de login bem-sucedida para o email: coord_regional@protecao.gov.pt
[2024-11-06 15:52:00] AUTHENTICATION: Tentativa de login bem-sucedida para o email: coord_local1@protecao.gov.pt
[2024-11-06 15:52:09] AUTHENTICATION: Tentativa de login bem-sucedida para o email: operador1@protecao.gov.pt
[2024-11-06 15:52:17] AUTHENTICATION: Tentativa de login bem-sucedida para o email: agente_emergencia2@protecao.gov.pt
[2024-11-06 15:55:36] AUTHENTICATION: Tentativa de login bem-sucedida para o email: coord_regional@protecao.gov.pt
[2024-11-06 15:55:45] AUTHENTICATION: Tentativa de login bem-sucedida para o email: coord_local1@protecao.gov.pt
[2024-11-06 15:55:52] AUTHENTICATION: Tentativa de login bem-sucedida para o email: operador1@protecao.gov.pt
[2024-11-06 15:56:03] AUTHENTICATION: Tentativa de login bem-sucedida para o email: agente_emergencia2@protecao.gov.pt
[2024-11-06 16:06:57] AUTHENTICATION: Tentativa de login falhou para o email: coord_regional@protecao.gov.pt
[2024-11-06 16:07:06] AUTHENTICATION: Tentativa de login bem-sucedida para o email: coord_regional@protecao.gov.pt
[2024-11-06 16:07:17] AUTHENTICATION: Tentativa de login bem-sucedida para o email: coord_local1@protecao.gov.pt
[2024-11-06 16:07:42] AUTHENTICATION: Tentativa de login bem-sucedida para o email: operador1@protecao.gov.pt
[2024-11-06 16:07:53] AUTHENTICATION: Tentativa de login bem-sucedida para o email: agente_emergencia2@protecao.gov.pt
[2024-11-06 16:08:09] MESSAGE: Mensagem de operador1@protecao.gov.pt para operador1@protecao.gov.pt: coord_regional@protecao.gov.pt: Boa Tarde Operador1, como se encontra?
[2024-11-06 16:08:19] MESSAGE: Mensagem de coord_regional@protecao.gov.pt para coord_regional@protecao.gov.pt: operador1@protecao.gov.pt: Boa Tarde Coordenador Regional, encontro-me bem e o Senhor?
[2024-11-06 16:18:38] AUTHENTICATION: Tentativa de login bem-sucedida para o email: coord_regional@protecao.gov.pt
[2024-11-06 16:18:52] AUTHENTICATION: Tentativa de login bem-sucedida para o email: coord_local1@protecao.gov.pt
[2024-11-06 16:19:04] AUTHENTICATION: Tentativa de login bem-sucedida para o email: operador1@protecao.gov.pt
[2024-11-06 16:19:11] AUTHENTICATION: Tentativa de login bem-sucedida para o email: agente_emergencia2@protecao.gov.pt
[2024-11-06 16:24:19] AUTHENTICATION: Tentativa de login bem-sucedida para o email: coord_regional@protecao.gov.pt
[2024-11-06 16:24:56] AUTHENTICATION: Tentativa de login bem-sucedida para o email: coord_local1@protecao.gov.pt
[2024-11-06 16:28:38] AUTHENTICATION: Tentativa de login falhou para o email: coord_regional@protecao.gov.pt
[2024-11-06 16:28:47] AUTHENTICATION: Tentativa de login bem-sucedida para o email: coord_regional@protecao.gov.pt
[2024-11-06 16:29:01] AUTHENTICATION: Tentativa de login bem-sucedida para o email: agente_emergencia2@protecao.gov.pt
[2024-11-06 16:29:23] AUTHENTICATION: Tentativa de login bem-sucedida para o email: coord_local1@protecao.gov.pt
[2024-11-06 16:29:32] AUTHENTICATION: Tentativa de login bem-sucedida para o email: operador1@protecao.gov.pt
[2024-11-06 16:37:00] AUTHENTICATION: Tentativa de login bem-sucedida para o email: coord_regional@protecao.gov.pt
[2024-11-06 16:37:09] AUTHENTICATION: Tentativa de login bem-sucedida para o email: coord_local1@protecao.gov.pt
[2024-11-06 16:37:17] AUTHENTICATION: Tentativa de login bem-sucedida para o email: operador1@protecao.gov.pt
[2024-11-06 16:37:27] AUTHENTICATION: Tentativa de login bem-sucedida para o email: agente_emergencia2@protecao.gov.pt
[2024-11-06 16:42:19] AUTHENTICATION: Tentativa de login bem-sucedida para o email: coord_regional@protecao.gov.pt
[2024-11-06 16:42:26] AUTHENTICATION: Tentativa de login bem-sucedida para o email: coord_local1@protecao.gov.pt
[2024-11-06 16:42:33] AUTHENTICATION: Tentativa de login bem-sucedida para o email: operador1@protecao.gov.pt
[2024-11-06 16:42:42] AUTHENTICATION: Tentativa de login bem-sucedida para o email: agente_emergencia2@protecao.gov.pt
[2024-11-06 16:48:47] AUTHENTICATION: Tentativa de login bem-sucedida para o email: coord_regional@protecao.gov.pt
[2024-11-06 16:48:58] AUTHENTICATION: Tentativa de login bem-sucedida para o email: coord_local1@protecao.gov.pt
