Relatório do Sistema - 2024-11-06 17:48:32
Utilizadores Ativos: []
Operações Recentes:

---------------------------

Relatório do Sistema - 2024-11-06 17:48:37
Utilizadores Ativos: []
Operações Recentes:

---------------------------

Relatório do Sistema - 2024-11-06 17:48:42
Utilizadores Ativos: []
Operações Recentes:

---------------------------

Relatório do Sistema - 2024-11-06 17:48:47
Utilizadores Ativos: []
Operações Recentes:

---------------------------

Relatório do Sistema - 2024-11-06 17:48:52
Utilizadores Ativos: []
Operações Recentes:

---------------------------

Relatório do Sistema - 2024-11-06 17:48:57
Utilizadores Ativos: []
Operações Recentes:

---------------------------

Relatório do Sistema - 2024-11-06 17:49:02
Utilizadores Ativos: []
Operações Recentes:

---------------------------

Relatório do Sistema - 2024-11-06 17:49:07
Utilizadores Ativos: []
Operações Recentes:
[2024-11-06 17:49:06] AUTHENTICATION: Tentativa de login bem-sucedida para o email: coord_regional@protecao.gov.pt

---------------------------

Relatório do Sistema - 2024-11-06 17:49:12
Utilizadores Ativos: []
Operações Recentes:
[2024-11-06 17:49:06] AUTHENTICATION: Tentativa de login bem-sucedida para o email: coord_regional@protecao.gov.pt

---------------------------

Relatório do Sistema - 2024-11-06 17:49:17
Utilizadores Ativos: []
Operações Recentes:
[2024-11-06 17:49:06] AUTHENTICATION: Tentativa de login bem-sucedida para o email: coord_regional@protecao.gov.pt

---------------------------

Relatório do Sistema - 2024-11-06 17:49:22
Utilizadores Ativos: []
Operações Recentes:
[2024-11-06 17:49:06] AUTHENTICATION: Tentativa de login bem-sucedida para o email: coord_regional@protecao.gov.pt

---------------------------

Relatório do Sistema - 2024-11-06 17:49:27
Utilizadores Ativos: []
Operações Recentes:
[2024-11-06 17:49:06] AUTHENTICATION: Tentativa de login bem-sucedida para o email: coord_regional@protecao.gov.pt

---------------------------

Relatório do Sistema - 2024-11-06 17:49:32
Utilizadores Ativos: []
Operações Recentes:
[2024-11-06 17:49:06] AUTHENTICATION: Tentativa de login bem-sucedida para o email: coord_regional@protecao.gov.pt
[2024-11-06 17:49:28] AUTHENTICATION: Tentativa de login bem-sucedida para o email: coord_local1@protecao.gov.pt

---------------------------

Relatório do Sistema - 2024-11-06 17:49:37
Utilizadores Ativos: []
Operações Recentes:
[2024-11-06 17:49:06] AUTHENTICATION: Tentativa de login bem-sucedida para o email: coord_regional@protecao.gov.pt
[2024-11-06 17:49:28] AUTHENTICATION: Tentativa de login bem-sucedida para o email: coord_local1@protecao.gov.pt
[2024-11-06 17:49:36] AUTHENTICATION: Tentativa de login bem-sucedida para o email: operador1@protecao.gov.pt

---------------------------

Relatório do Sistema - 2024-11-06 17:49:42
Utilizadores Ativos: []
Operações Recentes:
[2024-11-06 17:49:06] AUTHENTICATION: Tentativa de login bem-sucedida para o email: coord_regional@protecao.gov.pt
[2024-11-06 17:49:28] AUTHENTICATION: Tentativa de login bem-sucedida para o email: coord_local1@protecao.gov.pt
[2024-11-06 17:49:36] AUTHENTICATION: Tentativa de login bem-sucedida para o email: operador1@protecao.gov.pt

---------------------------

Relatório do Sistema - 2024-11-06 17:49:47
Utilizadores Ativos: []
Operações Recentes:
[2024-11-06 17:49:06] AUTHENTICATION: Tentativa de login bem-sucedida para o email: coord_regional@protecao.gov.pt
[2024-11-06 17:49:28] AUTHENTICATION: Tentativa de login bem-sucedida para o email: coord_local1@protecao.gov.pt
[2024-11-06 17:49:36] AUTHENTICATION: Tentativa de login bem-sucedida para o email: operador1@protecao.gov.pt
[2024-11-06 17:49:44] AUTHENTICATION: Tentativa de login bem-sucedida para o email: agente_emergencia2@protecao.gov.pt

---------------------------

Relatório do Sistema - 2024-11-06 17:49:52
Utilizadores Ativos: []
Operações Recentes:
[2024-11-06 17:49:06] AUTHENTICATION: Tentativa de login bem-sucedida para o email: coord_regional@protecao.gov.pt
[2024-11-06 17:49:28] AUTHENTICATION: Tentativa de login bem-sucedida para o email: coord_local1@protecao.gov.pt
[2024-11-06 17:49:36] AUTHENTICATION: Tentativa de login bem-sucedida para o email: operador1@protecao.gov.pt
[2024-11-06 17:49:44] AUTHENTICATION: Tentativa de login bem-sucedida para o email: agente_emergencia2@protecao.gov.pt

---------------------------

Relatório do Sistema - 2024-11-06 17:49:57
Utilizadores Ativos: []
Operações Recentes:
[2024-11-06 17:49:06] AUTHENTICATION: Tentativa de login bem-sucedida para o email: coord_regional@protecao.gov.pt
[2024-11-06 17:49:28] AUTHENTICATION: Tentativa de login bem-sucedida para o email: coord_local1@protecao.gov.pt
[2024-11-06 17:49:36] AUTHENTICATION: Tentativa de login bem-sucedida para o email: operador1@protecao.gov.pt
[2024-11-06 17:49:44] AUTHENTICATION: Tentativa de login bem-sucedida para o email: agente_emergencia2@protecao.gov.pt

---------------------------

Relatório do Sistema - 2024-11-06 17:50:02
Utilizadores Ativos: []
Operações Recentes:
[2024-11-06 17:49:06] AUTHENTICATION: Tentativa de login bem-sucedida para o email: coord_regional@protecao.gov.pt
[2024-11-06 17:49:28] AUTHENTICATION: Tentativa de login bem-sucedida para o email: coord_local1@protecao.gov.pt
[2024-11-06 17:49:36] AUTHENTICATION: Tentativa de login bem-sucedida para o email: operador1@protecao.gov.pt
[2024-11-06 17:49:44] AUTHENTICATION: Tentativa de login bem-sucedida para o email: agente_emergencia2@protecao.gov.pt

---------------------------

Relatório do Sistema - 2024-11-06 17:50:07
Utilizadores Ativos: []
Operações Recentes:
[2024-11-06 17:49:06] AUTHENTICATION: Tentativa de login bem-sucedida para o email: coord_regional@protecao.gov.pt
[2024-11-06 17:49:28] AUTHENTICATION: Tentativa de login bem-sucedida para o email: coord_local1@protecao.gov.pt
[2024-11-06 17:49:36] AUTHENTICATION: Tentativa de login bem-sucedida para o email: operador1@protecao.gov.pt
[2024-11-06 17:49:44] AUTHENTICATION: Tentativa de login bem-sucedida para o email: agente_emergencia2@protecao.gov.pt

---------------------------

Relatório do Sistema - 2024-11-06 17:50:12
Utilizadores Ativos: []
Operações Recentes:
[2024-11-06 17:49:06] AUTHENTICATION: Tentativa de login bem-sucedida para o email: coord_regional@protecao.gov.pt
[2024-11-06 17:49:28] AUTHENTICATION: Tentativa de login bem-sucedida para o email: coord_local1@protecao.gov.pt
[2024-11-06 17:49:36] AUTHENTICATION: Tentativa de login bem-sucedida para o email: operador1@protecao.gov.pt
[2024-11-06 17:49:44] AUTHENTICATION: Tentativa de login bem-sucedida para o email: agente_emergencia2@protecao.gov.pt

---------------------------

Relatório do Sistema - 2024-11-06 17:50:18
Utilizadores Ativos: []
Operações Recentes:
[2024-11-06 17:49:06] AUTHENTICATION: Tentativa de login bem-sucedida para o email: coord_regional@protecao.gov.pt
[2024-11-06 17:49:28] AUTHENTICATION: Tentativa de login bem-sucedida para o email: coord_local1@protecao.gov.pt
[2024-11-06 17:49:36] AUTHENTICATION: Tentativa de login bem-sucedida para o email: operador1@protecao.gov.pt
[2024-11-06 17:49:44] AUTHENTICATION: Tentativa de login bem-sucedida para o email: agente_emergencia2@protecao.gov.pt

---------------------------

Relatório do Sistema - 2024-11-06 17:50:23
Utilizadores Ativos: []
Operações Recentes:
[2024-11-06 17:49:06] AUTHENTICATION: Tentativa de login bem-sucedida para o email: coord_regional@protecao.gov.pt
[2024-11-06 17:49:28] AUTHENTICATION: Tentativa de login bem-sucedida para o email: coord_local1@protecao.gov.pt
[2024-11-06 17:49:36] AUTHENTICATION: Tentativa de login bem-sucedida para o email: operador1@protecao.gov.pt
[2024-11-06 17:49:44] AUTHENTICATION: Tentativa de login bem-sucedida para o email: agente_emergencia2@protecao.gov.pt

---------------------------

Relatório do Sistema - 2024-11-06 17:50:28
Utilizadores Ativos: []
Operações Recentes:
[2024-11-06 17:49:06] AUTHENTICATION: Tentativa de login bem-sucedida para o email: coord_regional@protecao.gov.pt
[2024-11-06 17:49:28] AUTHENTICATION: Tentativa de login bem-sucedida para o email: coord_local1@protecao.gov.pt
[2024-11-06 17:49:36] AUTHENTICATION: Tentativa de login bem-sucedida para o email: operador1@protecao.gov.pt
[2024-11-06 17:49:44] AUTHENTICATION: Tentativa de login bem-sucedida para o email: agente_emergencia2@protecao.gov.pt

---------------------------

Relatório do Sistema - 2024-11-06 17:50:33
Utilizadores Ativos: []
Operações Recentes:
[2024-11-06 17:49:06] AUTHENTICATION: Tentativa de login bem-sucedida para o email: coord_regional@protecao.gov.pt
[2024-11-06 17:49:28] AUTHENTICATION: Tentativa de login bem-sucedida para o email: coord_local1@protecao.gov.pt
[2024-11-06 17:49:36] AUTHENTICATION: Tentativa de login bem-sucedida para o email: operador1@protecao.gov.pt
[2024-11-06 17:49:44] AUTHENTICATION: Tentativa de login bem-sucedida para o email: agente_emergencia2@protecao.gov.pt

---------------------------

Relatório do Sistema - 2024-11-06 17:50:38
Utilizadores Ativos: []
Operações Recentes:
[2024-11-06 17:49:06] AUTHENTICATION: Tentativa de login bem-sucedida para o email: coord_regional@protecao.gov.pt
[2024-11-06 17:49:28] AUTHENTICATION: Tentativa de login bem-sucedida para o email: coord_local1@protecao.gov.pt
[2024-11-06 17:49:36] AUTHENTICATION: Tentativa de login bem-sucedida para o email: operador1@protecao.gov.pt
[2024-11-06 17:49:44] AUTHENTICATION: Tentativa de login bem-sucedida para o email: agente_emergencia2@protecao.gov.pt

---------------------------

Relatório do Sistema - 2024-11-06 17:50:43
Utilizadores Ativos: []
Operações Recentes:
[2024-11-06 17:49:06] AUTHENTICATION: Tentativa de login bem-sucedida para o email: coord_regional@protecao.gov.pt
[2024-11-06 17:49:28] AUTHENTICATION: Tentativa de login bem-sucedida para o email: coord_local1@protecao.gov.pt
[2024-11-06 17:49:36] AUTHENTICATION: Tentativa de login bem-sucedida para o email: operador1@protecao.gov.pt
[2024-11-06 17:49:44] AUTHENTICATION: Tentativa de login bem-sucedida para o email: agente_emergencia2@protecao.gov.pt

---------------------------

Relatório do Sistema - 2024-11-06 17:50:48
Utilizadores Ativos: []
Operações Recentes:
[2024-11-06 17:49:06] AUTHENTICATION: Tentativa de login bem-sucedida para o email: coord_regional@protecao.gov.pt
[2024-11-06 17:49:28] AUTHENTICATION: Tentativa de login bem-sucedida para o email: coord_local1@protecao.gov.pt
[2024-11-06 17:49:36] AUTHENTICATION: Tentativa de login bem-sucedida para o email: operador1@protecao.gov.pt
[2024-11-06 17:49:44] AUTHENTICATION: Tentativa de login bem-sucedida para o email: agente_emergencia2@protecao.gov.pt

---------------------------

Relatório do Sistema - 2024-11-06 17:50:53
Utilizadores Ativos: []
Operações Recentes:
[2024-11-06 17:49:06] AUTHENTICATION: Tentativa de login bem-sucedida para o email: coord_regional@protecao.gov.pt
[2024-11-06 17:49:28] AUTHENTICATION: Tentativa de login bem-sucedida para o email: coord_local1@protecao.gov.pt
[2024-11-06 17:49:36] AUTHENTICATION: Tentativa de login bem-sucedida para o email: operador1@protecao.gov.pt
[2024-11-06 17:49:44] AUTHENTICATION: Tentativa de login bem-sucedida para o email: agente_emergencia2@protecao.gov.pt

---------------------------

Relatório do Sistema - 2024-11-06 17:50:58
Utilizadores Ativos: []
Operações Recentes:
[2024-11-06 17:49:06] AUTHENTICATION: Tentativa de login bem-sucedida para o email: coord_regional@protecao.gov.pt
[2024-11-06 17:49:28] AUTHENTICATION: Tentativa de login bem-sucedida para o email: coord_local1@protecao.gov.pt
[2024-11-06 17:49:36] AUTHENTICATION: Tentativa de login bem-sucedida para o email: operador1@protecao.gov.pt
[2024-11-06 17:49:44] AUTHENTICATION: Tentativa de login bem-sucedida para o email: agente_emergencia2@protecao.gov.pt

---------------------------

Relatório do Sistema - 2024-11-06 17:51:03
Utilizadores Ativos: []
Operações Recentes:
[2024-11-06 17:49:06] AUTHENTICATION: Tentativa de login bem-sucedida para o email: coord_regional@protecao.gov.pt
[2024-11-06 17:49:28] AUTHENTICATION: Tentativa de login bem-sucedida para o email: coord_local1@protecao.gov.pt
[2024-11-06 17:49:36] AUTHENTICATION: Tentativa de login bem-sucedida para o email: operador1@protecao.gov.pt
[2024-11-06 17:49:44] AUTHENTICATION: Tentativa de login bem-sucedida para o email: agente_emergencia2@protecao.gov.pt

---------------------------

Relatório do Sistema - 2024-11-06 17:51:08
Utilizadores Ativos: []
Operações Recentes:
[2024-11-06 17:49:06] AUTHENTICATION: Tentativa de login bem-sucedida para o email: coord_regional@protecao.gov.pt
[2024-11-06 17:49:28] AUTHENTICATION: Tentativa de login bem-sucedida para o email: coord_local1@protecao.gov.pt
[2024-11-06 17:49:36] AUTHENTICATION: Tentativa de login bem-sucedida para o email: operador1@protecao.gov.pt
[2024-11-06 17:49:44] AUTHENTICATION: Tentativa de login bem-sucedida para o email: agente_emergencia2@protecao.gov.pt

---------------------------

Relatório do Sistema - 2024-11-06 17:51:13
Utilizadores Ativos: []
Operações Recentes:
[2024-11-06 17:49:06] AUTHENTICATION: Tentativa de login bem-sucedida para o email: coord_regional@protecao.gov.pt
[2024-11-06 17:49:28] AUTHENTICATION: Tentativa de login bem-sucedida para o email: coord_local1@protecao.gov.pt
[2024-11-06 17:49:36] AUTHENTICATION: Tentativa de login bem-sucedida para o email: operador1@protecao.gov.pt
[2024-11-06 17:49:44] AUTHENTICATION: Tentativa de login bem-sucedida para o email: agente_emergencia2@protecao.gov.pt

---------------------------

Relatório do Sistema - 2024-11-06 17:51:18
Utilizadores Ativos: []
Operações Recentes:
[2024-11-06 17:49:06] AUTHENTICATION: Tentativa de login bem-sucedida para o email: coord_regional@protecao.gov.pt
[2024-11-06 17:49:28] AUTHENTICATION: Tentativa de login bem-sucedida para o email: coord_local1@protecao.gov.pt
[2024-11-06 17:49:36] AUTHENTICATION: Tentativa de login bem-sucedida para o email: operador1@protecao.gov.pt
[2024-11-06 17:49:44] AUTHENTICATION: Tentativa de login bem-sucedida para o email: agente_emergencia2@protecao.gov.pt

---------------------------

Relatório do Sistema - 2024-11-06 17:51:23
Utilizadores Ativos: []
Operações Recentes:
[2024-11-06 17:49:06] AUTHENTICATION: Tentativa de login bem-sucedida para o email: coord_regional@protecao.gov.pt
[2024-11-06 17:49:28] AUTHENTICATION: Tentativa de login bem-sucedida para o email: coord_local1@protecao.gov.pt
[2024-11-06 17:49:36] AUTHENTICATION: Tentativa de login bem-sucedida para o email: operador1@protecao.gov.pt
[2024-11-06 17:49:44] AUTHENTICATION: Tentativa de login bem-sucedida para o email: agente_emergencia2@protecao.gov.pt

---------------------------

Relatório do Sistema - 2024-11-06 17:51:28
Utilizadores Ativos: []
Operações Recentes:
[2024-11-06 17:49:06] AUTHENTICATION: Tentativa de login bem-sucedida para o email: coord_regional@protecao.gov.pt
[2024-11-06 17:49:28] AUTHENTICATION: Tentativa de login bem-sucedida para o email: coord_local1@protecao.gov.pt
[2024-11-06 17:49:36] AUTHENTICATION: Tentativa de login bem-sucedida para o email: operador1@protecao.gov.pt
[2024-11-06 17:49:44] AUTHENTICATION: Tentativa de login bem-sucedida para o email: agente_emergencia2@protecao.gov.pt

---------------------------

Relatório do Sistema - 2024-11-06 17:51:33
Utilizadores Ativos: []
Operações Recentes:
[2024-11-06 17:49:06] AUTHENTICATION: Tentativa de login bem-sucedida para o email: coord_regional@protecao.gov.pt
[2024-11-06 17:49:28] AUTHENTICATION: Tentativa de login bem-sucedida para o email: coord_local1@protecao.gov.pt
[2024-11-06 17:49:36] AUTHENTICATION: Tentativa de login bem-sucedida para o email: operador1@protecao.gov.pt
[2024-11-06 17:49:44] AUTHENTICATION: Tentativa de login bem-sucedida para o email: agente_emergencia2@protecao.gov.pt

---------------------------

Relatório do Sistema - 2024-11-06 17:51:38
Utilizadores Ativos: []
Operações Recentes:
[2024-11-06 17:49:06] AUTHENTICATION: Tentativa de login bem-sucedida para o email: coord_regional@protecao.gov.pt
[2024-11-06 17:49:28] AUTHENTICATION: Tentativa de login bem-sucedida para o email: coord_local1@protecao.gov.pt
[2024-11-06 17:49:36] AUTHENTICATION: Tentativa de login bem-sucedida para o email: operador1@protecao.gov.pt
[2024-11-06 17:49:44] AUTHENTICATION: Tentativa de login bem-sucedida para o email: agente_emergencia2@protecao.gov.pt

---------------------------

Relatório do Sistema - 2024-11-06 17:51:43
Utilizadores Ativos: []
Operações Recentes:
[2024-11-06 17:49:06] AUTHENTICATION: Tentativa de login bem-sucedida para o email: coord_regional@protecao.gov.pt
[2024-11-06 17:49:28] AUTHENTICATION: Tentativa de login bem-sucedida para o email: coord_local1@protecao.gov.pt
[2024-11-06 17:49:36] AUTHENTICATION: Tentativa de login bem-sucedida para o email: operador1@protecao.gov.pt
[2024-11-06 17:49:44] AUTHENTICATION: Tentativa de login bem-sucedida para o email: agente_emergencia2@protecao.gov.pt

---------------------------

Relatório do Sistema - 2024-11-06 17:51:48
Utilizadores Ativos: []
Operações Recentes:
[2024-11-06 17:49:06] AUTHENTICATION: Tentativa de login bem-sucedida para o email: coord_regional@protecao.gov.pt
[2024-11-06 17:49:28] AUTHENTICATION: Tentativa de login bem-sucedida para o email: coord_local1@protecao.gov.pt
[2024-11-06 17:49:36] AUTHENTICATION: Tentativa de login bem-sucedida para o email: operador1@protecao.gov.pt
[2024-11-06 17:49:44] AUTHENTICATION: Tentativa de login bem-sucedida para o email: agente_emergencia2@protecao.gov.pt

---------------------------

Relatório do Sistema - 2024-11-06 17:51:53
Utilizadores Ativos: []
Operações Recentes:
[2024-11-06 17:49:06] AUTHENTICATION: Tentativa de login bem-sucedida para o email: coord_regional@protecao.gov.pt
[2024-11-06 17:49:28] AUTHENTICATION: Tentativa de login bem-sucedida para o email: coord_local1@protecao.gov.pt
[2024-11-06 17:49:36] AUTHENTICATION: Tentativa de login bem-sucedida para o email: operador1@protecao.gov.pt
[2024-11-06 17:49:44] AUTHENTICATION: Tentativa de login bem-sucedida para o email: agente_emergencia2@protecao.gov.pt

---------------------------

Relatório do Sistema - 2024-11-06 17:51:58
Utilizadores Ativos: []
Operações Recentes:
[2024-11-06 17:49:06] AUTHENTICATION: Tentativa de login bem-sucedida para o email: coord_regional@protecao.gov.pt
[2024-11-06 17:49:28] AUTHENTICATION: Tentativa de login bem-sucedida para o email: coord_local1@protecao.gov.pt
[2024-11-06 17:49:36] AUTHENTICATION: Tentativa de login bem-sucedida para o email: operador1@protecao.gov.pt
[2024-11-06 17:49:44] AUTHENTICATION: Tentativa de login bem-sucedida para o email: agente_emergencia2@protecao.gov.pt

---------------------------

Relatório do Sistema - 2024-11-06 17:52:03
Utilizadores Ativos: []
Operações Recentes:
[2024-11-06 17:49:06] AUTHENTICATION: Tentativa de login bem-sucedida para o email: coord_regional@protecao.gov.pt
[2024-11-06 17:49:28] AUTHENTICATION: Tentativa de login bem-sucedida para o email: coord_local1@protecao.gov.pt
[2024-11-06 17:49:36] AUTHENTICATION: Tentativa de login bem-sucedida para o email: operador1@protecao.gov.pt
[2024-11-06 17:49:44] AUTHENTICATION: Tentativa de login bem-sucedida para o email: agente_emergencia2@protecao.gov.pt

---------------------------

Relatório do Sistema - 2024-11-06 17:52:08
Utilizadores Ativos: []
Operações Recentes:
[2024-11-06 17:49:06] AUTHENTICATION: Tentativa de login bem-sucedida para o email: coord_regional@protecao.gov.pt
[2024-11-06 17:49:28] AUTHENTICATION: Tentativa de login bem-sucedida para o email: coord_local1@protecao.gov.pt
[2024-11-06 17:49:36] AUTHENTICATION: Tentativa de login bem-sucedida para o email: operador1@protecao.gov.pt
[2024-11-06 17:49:44] AUTHENTICATION: Tentativa de login bem-sucedida para o email: agente_emergencia2@protecao.gov.pt

---------------------------

Relatório do Sistema - 2024-11-06 17:52:13
Utilizadores Ativos: []
Operações Recentes:
[2024-11-06 17:49:06] AUTHENTICATION: Tentativa de login bem-sucedida para o email: coord_regional@protecao.gov.pt
[2024-11-06 17:49:28] AUTHENTICATION: Tentativa de login bem-sucedida para o email: coord_local1@protecao.gov.pt
[2024-11-06 17:49:36] AUTHENTICATION: Tentativa de login bem-sucedida para o email: operador1@protecao.gov.pt
[2024-11-06 17:49:44] AUTHENTICATION: Tentativa de login bem-sucedida para o email: agente_emergencia2@protecao.gov.pt

---------------------------

Relatório do Sistema - 2024-11-06 17:52:18
Utilizadores Ativos: []
Operações Recentes:
[2024-11-06 17:49:06] AUTHENTICATION: Tentativa de login bem-sucedida para o email: coord_regional@protecao.gov.pt
[2024-11-06 17:49:28] AUTHENTICATION: Tentativa de login bem-sucedida para o email: coord_local1@protecao.gov.pt
[2024-11-06 17:49:36] AUTHENTICATION: Tentativa de login bem-sucedida para o email: operador1@protecao.gov.pt
[2024-11-06 17:49:44] AUTHENTICATION: Tentativa de login bem-sucedida para o email: agente_emergencia2@protecao.gov.pt

---------------------------

Relatório do Sistema - 2024-11-06 17:52:23
Utilizadores Ativos: []
Operações Recentes:
[2024-11-06 17:49:06] AUTHENTICATION: Tentativa de login bem-sucedida para o email: coord_regional@protecao.gov.pt
[2024-11-06 17:49:28] AUTHENTICATION: Tentativa de login bem-sucedida para o email: coord_local1@protecao.gov.pt
[2024-11-06 17:49:36] AUTHENTICATION: Tentativa de login bem-sucedida para o email: operador1@protecao.gov.pt
[2024-11-06 17:49:44] AUTHENTICATION: Tentativa de login bem-sucedida para o email: agente_emergencia2@protecao.gov.pt

---------------------------

Relatório do Sistema - 2024-11-06 17:52:28
Utilizadores Ativos: []
Operações Recentes:
[2024-11-06 17:49:06] AUTHENTICATION: Tentativa de login bem-sucedida para o email: coord_regional@protecao.gov.pt
[2024-11-06 17:49:28] AUTHENTICATION: Tentativa de login bem-sucedida para o email: coord_local1@protecao.gov.pt
[2024-11-06 17:49:36] AUTHENTICATION: Tentativa de login bem-sucedida para o email: operador1@protecao.gov.pt
[2024-11-06 17:49:44] AUTHENTICATION: Tentativa de login bem-sucedida para o email: agente_emergencia2@protecao.gov.pt

---------------------------

Relatório do Sistema - 2024-11-06 17:52:33
Utilizadores Ativos: []
Operações Recentes:
[2024-11-06 17:49:06] AUTHENTICATION: Tentativa de login bem-sucedida para o email: coord_regional@protecao.gov.pt
[2024-11-06 17:49:28] AUTHENTICATION: Tentativa de login bem-sucedida para o email: coord_local1@protecao.gov.pt
[2024-11-06 17:49:36] AUTHENTICATION: Tentativa de login bem-sucedida para o email: operador1@protecao.gov.pt
[2024-11-06 17:49:44] AUTHENTICATION: Tentativa de login bem-sucedida para o email: agente_emergencia2@protecao.gov.pt

---------------------------

Relatório do Sistema - 2024-11-06 17:57:29
Utilizadores Ativos: []
Operações Recentes:

---------------------------

Relatório do Sistema - 2024-11-06 17:57:34
Utilizadores Ativos: []
Operações Recentes:

---------------------------

Relatório do Sistema - 2024-11-06 17:57:39
Utilizadores Ativos: []
Operações Recentes:

---------------------------

Relatório do Sistema - 2024-11-06 17:57:44
Utilizadores Ativos: []
Operações Recentes:
[2024-11-06 17:57:43] AUTHENTICATION: Tentativa de login bem-sucedida para o email: coord_regional@protecao.gov.pt

---------------------------

Relatório do Sistema - 2024-11-06 17:57:49
Utilizadores Ativos: []
Operações Recentes:
[2024-11-06 17:57:43] AUTHENTICATION: Tentativa de login bem-sucedida para o email: coord_regional@protecao.gov.pt

---------------------------

Relatório do Sistema - 2024-11-06 17:57:54
Utilizadores Ativos: []
Operações Recentes:
[2024-11-06 17:57:43] AUTHENTICATION: Tentativa de login bem-sucedida para o email: coord_regional@protecao.gov.pt

---------------------------

Relatório do Sistema - 2024-11-06 17:57:59
Utilizadores Ativos: []
Operações Recentes:
[2024-11-06 17:57:43] AUTHENTICATION: Tentativa de login bem-sucedida para o email: coord_regional@protecao.gov.pt

---------------------------

Relatório do Sistema - 2024-11-06 17:58:04
Utilizadores Ativos: []
Operações Recentes:
[2024-11-06 17:57:43] AUTHENTICATION: Tentativa de login bem-sucedida para o email: coord_regional@protecao.gov.pt

---------------------------

Relatório do Sistema - 2024-11-06 17:58:09
Utilizadores Ativos: []
Operações Recentes:
[2024-11-06 17:57:43] AUTHENTICATION: Tentativa de login bem-sucedida para o email: coord_regional@protecao.gov.pt

---------------------------

Relatório do Sistema - 2024-11-06 17:58:14
Utilizadores Ativos: []
Operações Recentes:
[2024-11-06 17:57:43] AUTHENTICATION: Tentativa de login bem-sucedida para o email: coord_regional@protecao.gov.pt

---------------------------

Relatório do Sistema - 2024-11-06 17:58:19
Utilizadores Ativos: []
Operações Recentes:
[2024-11-06 17:57:43] AUTHENTICATION: Tentativa de login bem-sucedida para o email: coord_regional@protecao.gov.pt

---------------------------

Relatório do Sistema - 2024-11-06 17:58:24
Utilizadores Ativos: []
Operações Recentes:
[2024-11-06 17:57:43] AUTHENTICATION: Tentativa de login bem-sucedida para o email: coord_regional@protecao.gov.pt

---------------------------

Relatório do Sistema - 2024-11-06 17:58:29
Utilizadores Ativos: []
Operações Recentes:
[2024-11-06 17:57:43] AUTHENTICATION: Tentativa de login bem-sucedida para o email: coord_regional@protecao.gov.pt

---------------------------

Relatório do Sistema - 2024-11-06 17:58:34
Utilizadores Ativos: []
Operações Recentes:
[2024-11-06 17:57:43] AUTHENTICATION: Tentativa de login bem-sucedida para o email: coord_regional@protecao.gov.pt

---------------------------

Relatório do Sistema - 2024-11-06 17:58:39
Utilizadores Ativos: []
Operações Recentes:
[2024-11-06 17:57:43] AUTHENTICATION: Tentativa de login bem-sucedida para o email: coord_regional@protecao.gov.pt

---------------------------

Relatório do Sistema - 2024-11-06 17:58:44
Utilizadores Ativos: []
Operações Recentes:
[2024-11-06 17:57:43] AUTHENTICATION: Tentativa de login bem-sucedida para o email: coord_regional@protecao.gov.pt

---------------------------

Relatório do Sistema - 2024-11-06 17:58:49
Utilizadores Ativos: []
Operações Recentes:
[2024-11-06 17:57:43] AUTHENTICATION: Tentativa de login bem-sucedida para o email: coord_regional@protecao.gov.pt

---------------------------

Relatório do Sistema - 2024-11-06 17:58:54
Utilizadores Ativos: []
Operações Recentes:
[2024-11-06 17:57:43] AUTHENTICATION: Tentativa de login bem-sucedida para o email: coord_regional@protecao.gov.pt
[2024-11-06 17:58:50] AUTHENTICATION: Tentativa de login bem-sucedida para o email: operador1@protecao.gov.pt

---------------------------

Relatório do Sistema - 2024-11-06 17:58:59
Utilizadores Ativos: []
Operações Recentes:
[2024-11-06 17:57:43] AUTHENTICATION: Tentativa de login bem-sucedida para o email: coord_regional@protecao.gov.pt
[2024-11-06 17:58:50] AUTHENTICATION: Tentativa de login bem-sucedida para o email: operador1@protecao.gov.pt

---------------------------

Relatório do Sistema - 2024-11-06 17:59:04
Utilizadores Ativos: []
Operações Recentes:
[2024-11-06 17:57:43] AUTHENTICATION: Tentativa de login bem-sucedida para o email: coord_regional@protecao.gov.pt
[2024-11-06 17:58:50] AUTHENTICATION: Tentativa de login bem-sucedida para o email: operador1@protecao.gov.pt

---------------------------

Relatório do Sistema - 2024-11-06 17:59:09
Utilizadores Ativos: []
Operações Recentes:
[2024-11-06 17:57:43] AUTHENTICATION: Tentativa de login bem-sucedida para o email: coord_regional@protecao.gov.pt
[2024-11-06 17:58:50] AUTHENTICATION: Tentativa de login bem-sucedida para o email: operador1@protecao.gov.pt

---------------------------

Relatório do Sistema - 2024-11-06 17:59:14
Utilizadores Ativos: []
Operações Recentes:
[2024-11-06 17:57:43] AUTHENTICATION: Tentativa de login bem-sucedida para o email: coord_regional@protecao.gov.pt
[2024-11-06 17:58:50] AUTHENTICATION: Tentativa de login bem-sucedida para o email: operador1@protecao.gov.pt

---------------------------

Relatório do Sistema - 2024-11-06 17:59:19
Utilizadores Ativos: []
Operações Recentes:
[2024-11-06 17:57:43] AUTHENTICATION: Tentativa de login bem-sucedida para o email: coord_regional@protecao.gov.pt
[2024-11-06 17:58:50] AUTHENTICATION: Tentativa de login bem-sucedida para o email: operador1@protecao.gov.pt

---------------------------

Relatório do Sistema - 2024-11-06 17:59:24
Utilizadores Ativos: []
Operações Recentes:
[2024-11-06 17:57:43] AUTHENTICATION: Tentativa de login bem-sucedida para o email: coord_regional@protecao.gov.pt
[2024-11-06 17:58:50] AUTHENTICATION: Tentativa de login bem-sucedida para o email: operador1@protecao.gov.pt

---------------------------

Relatório do Sistema - 2024-11-06 17:59:29
Utilizadores Ativos: []
Operações Recentes:
[2024-11-06 17:57:43] AUTHENTICATION: Tentativa de login bem-sucedida para o email: coord_regional@protecao.gov.pt
[2024-11-06 17:58:50] AUTHENTICATION: Tentativa de login bem-sucedida para o email: operador1@protecao.gov.pt

---------------------------

Relatório do Sistema - 2024-11-06 17:59:34
Utilizadores Ativos: []
Operações Recentes:
[2024-11-06 17:57:43] AUTHENTICATION: Tentativa de login bem-sucedida para o email: coord_regional@protecao.gov.pt
[2024-11-06 17:58:50] AUTHENTICATION: Tentativa de login bem-sucedida para o email: operador1@protecao.gov.pt

---------------------------

Relatório do Sistema - 2024-11-06 17:59:39
Utilizadores Ativos: []
Operações Recentes:
[2024-11-06 17:57:43] AUTHENTICATION: Tentativa de login bem-sucedida para o email: coord_regional@protecao.gov.pt
[2024-11-06 17:58:50] AUTHENTICATION: Tentativa de login bem-sucedida para o email: operador1@protecao.gov.pt

---------------------------

Relatório do Sistema - 2024-11-06 17:59:44
Utilizadores Ativos: []
Operações Recentes:
[2024-11-06 17:57:43] AUTHENTICATION: Tentativa de login bem-sucedida para o email: coord_regional@protecao.gov.pt
[2024-11-06 17:58:50] AUTHENTICATION: Tentativa de login bem-sucedida para o email: operador1@protecao.gov.pt

---------------------------

Relatório do Sistema - 2024-11-06 17:59:49
Utilizadores Ativos: []
Operações Recentes:
[2024-11-06 17:57:43] AUTHENTICATION: Tentativa de login bem-sucedida para o email: coord_regional@protecao.gov.pt
[2024-11-06 17:58:50] AUTHENTICATION: Tentativa de login bem-sucedida para o email: operador1@protecao.gov.pt

---------------------------

Relatório do Sistema - 2024-11-06 17:59:54
Utilizadores Ativos: []
Operações Recentes:
[2024-11-06 17:57:43] AUTHENTICATION: Tentativa de login bem-sucedida para o email: coord_regional@protecao.gov.pt
[2024-11-06 17:58:50] AUTHENTICATION: Tentativa de login bem-sucedida para o email: operador1@protecao.gov.pt

---------------------------

Relatório do Sistema - 2024-11-06 17:59:59
Utilizadores Ativos: []
Operações Recentes:
[2024-11-06 17:57:43] AUTHENTICATION: Tentativa de login bem-sucedida para o email: coord_regional@protecao.gov.pt
[2024-11-06 17:58:50] AUTHENTICATION: Tentativa de login bem-sucedida para o email: operador1@protecao.gov.pt

---------------------------

Relatório do Sistema - 2024-11-06 18:00:04
Utilizadores Ativos: []
Operações Recentes:
[2024-11-06 17:57:43] AUTHENTICATION: Tentativa de login bem-sucedida para o email: coord_regional@protecao.gov.pt
[2024-11-06 17:58:50] AUTHENTICATION: Tentativa de login bem-sucedida para o email: operador1@protecao.gov.pt

---------------------------

Relatório do Sistema - 2024-11-06 18:00:09
Utilizadores Ativos: []
Operações Recentes:
[2024-11-06 17:57:43] AUTHENTICATION: Tentativa de login bem-sucedida para o email: coord_regional@protecao.gov.pt
[2024-11-06 17:58:50] AUTHENTICATION: Tentativa de login bem-sucedida para o email: operador1@protecao.gov.pt

---------------------------

Relatório do Sistema - 2024-11-06 18:00:14
Utilizadores Ativos: []
Operações Recentes:
[2024-11-06 17:57:43] AUTHENTICATION: Tentativa de login bem-sucedida para o email: coord_regional@protecao.gov.pt
[2024-11-06 17:58:50] AUTHENTICATION: Tentativa de login bem-sucedida para o email: operador1@protecao.gov.pt

---------------------------

Relatório do Sistema - 2024-11-06 18:00:19
Utilizadores Ativos: []
Operações Recentes:
[2024-11-06 17:57:43] AUTHENTICATION: Tentativa de login bem-sucedida para o email: coord_regional@protecao.gov.pt
[2024-11-06 17:58:50] AUTHENTICATION: Tentativa de login bem-sucedida para o email: operador1@protecao.gov.pt

---------------------------

Relatório do Sistema - 2024-11-06 18:00:24
Utilizadores Ativos: []
Operações Recentes:
[2024-11-06 17:57:43] AUTHENTICATION: Tentativa de login bem-sucedida para o email: coord_regional@protecao.gov.pt
[2024-11-06 17:58:50] AUTHENTICATION: Tentativa de login bem-sucedida para o email: operador1@protecao.gov.pt

---------------------------

Relatório do Sistema - 2024-11-06 18:00:29
Utilizadores Ativos: []
Operações Recentes:
[2024-11-06 17:57:43] AUTHENTICATION: Tentativa de login bem-sucedida para o email: coord_regional@protecao.gov.pt
[2024-11-06 17:58:50] AUTHENTICATION: Tentativa de login bem-sucedida para o email: operador1@protecao.gov.pt

---------------------------

Relatório do Sistema - 2024-11-06 18:00:34
Utilizadores Ativos: []
Operações Recentes:
[2024-11-06 17:57:43] AUTHENTICATION: Tentativa de login bem-sucedida para o email: coord_regional@protecao.gov.pt
[2024-11-06 17:58:50] AUTHENTICATION: Tentativa de login bem-sucedida para o email: operador1@protecao.gov.pt

---------------------------

Relatório do Sistema - 2024-11-06 18:00:39
Utilizadores Ativos: []
Operações Recentes:
[2024-11-06 17:57:43] AUTHENTICATION: Tentativa de login bem-sucedida para o email: coord_regional@protecao.gov.pt
[2024-11-06 17:58:50] AUTHENTICATION: Tentativa de login bem-sucedida para o email: operador1@protecao.gov.pt

---------------------------

Relatório do Sistema - 2024-11-06 18:00:44
Utilizadores Ativos: []
Operações Recentes:
[2024-11-06 17:57:43] AUTHENTICATION: Tentativa de login bem-sucedida para o email: coord_regional@protecao.gov.pt
[2024-11-06 17:58:50] AUTHENTICATION: Tentativa de login bem-sucedida para o email: operador1@protecao.gov.pt

---------------------------

Relatório do Sistema - 2024-11-06 18:00:49
Utilizadores Ativos: []
Operações Recentes:
[2024-11-06 17:57:43] AUTHENTICATION: Tentativa de login bem-sucedida para o email: coord_regional@protecao.gov.pt
[2024-11-06 17:58:50] AUTHENTICATION: Tentativa de login bem-sucedida para o email: operador1@protecao.gov.pt

---------------------------

Relatório do Sistema - 2024-11-06 18:00:54
Utilizadores Ativos: []
Operações Recentes:
[2024-11-06 17:57:43] AUTHENTICATION: Tentativa de login bem-sucedida para o email: coord_regional@protecao.gov.pt
[2024-11-06 17:58:50] AUTHENTICATION: Tentativa de login bem-sucedida para o email: operador1@protecao.gov.pt

---------------------------

Relatório do Sistema - 2024-11-06 18:00:59
Utilizadores Ativos: []
Operações Recentes:
[2024-11-06 17:57:43] AUTHENTICATION: Tentativa de login bem-sucedida para o email: coord_regional@protecao.gov.pt
[2024-11-06 17:58:50] AUTHENTICATION: Tentativa de login bem-sucedida para o email: operador1@protecao.gov.pt

---------------------------

Relatório do Sistema - 2024-11-06 18:01:04
Utilizadores Ativos: []
Operações Recentes:
[2024-11-06 17:57:43] AUTHENTICATION: Tentativa de login bem-sucedida para o email: coord_regional@protecao.gov.pt
[2024-11-06 17:58:50] AUTHENTICATION: Tentativa de login bem-sucedida para o email: operador1@protecao.gov.pt

---------------------------

Relatório do Sistema - 2024-11-06 18:01:09
Utilizadores Ativos: []
Operações Recentes:
[2024-11-06 17:57:43] AUTHENTICATION: Tentativa de login bem-sucedida para o email: coord_regional@protecao.gov.pt
[2024-11-06 17:58:50] AUTHENTICATION: Tentativa de login bem-sucedida para o email: operador1@protecao.gov.pt

---------------------------

Relatório do Sistema - 2024-11-06 18:01:14
Utilizadores Ativos: []
Operações Recentes:
[2024-11-06 17:57:43] AUTHENTICATION: Tentativa de login bem-sucedida para o email: coord_regional@protecao.gov.pt
[2024-11-06 17:58:50] AUTHENTICATION: Tentativa de login bem-sucedida para o email: operador1@protecao.gov.pt

---------------------------

Relatório do Sistema - 2024-11-06 18:01:19
Utilizadores Ativos: []
Operações Recentes:
[2024-11-06 17:57:43] AUTHENTICATION: Tentativa de login bem-sucedida para o email: coord_regional@protecao.gov.pt
[2024-11-06 17:58:50] AUTHENTICATION: Tentativa de login bem-sucedida para o email: operador1@protecao.gov.pt

---------------------------

Relatório do Sistema - 2024-11-06 18:01:24
Utilizadores Ativos: []
Operações Recentes:
[2024-11-06 17:57:43] AUTHENTICATION: Tentativa de login bem-sucedida para o email: coord_regional@protecao.gov.pt
[2024-11-06 17:58:50] AUTHENTICATION: Tentativa de login bem-sucedida para o email: operador1@protecao.gov.pt

---------------------------

Relatório do Sistema - 2024-11-06 18:01:29
Utilizadores Ativos: []
Operações Recentes:
[2024-11-06 17:57:43] AUTHENTICATION: Tentativa de login bem-sucedida para o email: coord_regional@protecao.gov.pt
[2024-11-06 17:58:50] AUTHENTICATION: Tentativa de login bem-sucedida para o email: operador1@protecao.gov.pt

---------------------------

Relatório do Sistema - 2024-11-06 18:01:34
Utilizadores Ativos: []
Operações Recentes:
[2024-11-06 17:57:43] AUTHENTICATION: Tentativa de login bem-sucedida para o email: coord_regional@protecao.gov.pt
[2024-11-06 17:58:50] AUTHENTICATION: Tentativa de login bem-sucedida para o email: operador1@protecao.gov.pt

---------------------------

Relatório do Sistema - 2024-11-06 18:01:39
Utilizadores Ativos: []
Operações Recentes:
[2024-11-06 17:57:43] AUTHENTICATION: Tentativa de login bem-sucedida para o email: coord_regional@protecao.gov.pt
[2024-11-06 17:58:50] AUTHENTICATION: Tentativa de login bem-sucedida para o email: operador1@protecao.gov.pt

---------------------------

Relatório do Sistema - 2024-11-06 18:01:44
Utilizadores Ativos: []
Operações Recentes:
[2024-11-06 17:57:43] AUTHENTICATION: Tentativa de login bem-sucedida para o email: coord_regional@protecao.gov.pt
[2024-11-06 17:58:50] AUTHENTICATION: Tentativa de login bem-sucedida para o email: operador1@protecao.gov.pt

---------------------------

Relatório do Sistema - 2024-11-06 18:01:49
Utilizadores Ativos: []
Operações Recentes:
[2024-11-06 17:57:43] AUTHENTICATION: Tentativa de login bem-sucedida para o email: coord_regional@protecao.gov.pt
[2024-11-06 17:58:50] AUTHENTICATION: Tentativa de login bem-sucedida para o email: operador1@protecao.gov.pt

---------------------------

Relatório do Sistema - 2024-11-06 18:01:54
Utilizadores Ativos: []
Operações Recentes:
[2024-11-06 17:57:43] AUTHENTICATION: Tentativa de login bem-sucedida para o email: coord_regional@protecao.gov.pt
[2024-11-06 17:58:50] AUTHENTICATION: Tentativa de login bem-sucedida para o email: operador1@protecao.gov.pt

---------------------------

Relatório do Sistema - 2024-11-06 18:01:59
Utilizadores Ativos: []
Operações Recentes:
[2024-11-06 17:57:43] AUTHENTICATION: Tentativa de login bem-sucedida para o email: coord_regional@protecao.gov.pt
[2024-11-06 17:58:50] AUTHENTICATION: Tentativa de login bem-sucedida para o email: operador1@protecao.gov.pt

---------------------------

Relatório do Sistema - 2024-11-06 18:02:04
Utilizadores Ativos: []
Operações Recentes:
[2024-11-06 17:57:43] AUTHENTICATION: Tentativa de login bem-sucedida para o email: coord_regional@protecao.gov.pt
[2024-11-06 17:58:50] AUTHENTICATION: Tentativa de login bem-sucedida para o email: operador1@protecao.gov.pt

---------------------------

Relatório do Sistema - 2024-11-06 18:02:09
Utilizadores Ativos: []
Operações Recentes:
[2024-11-06 17:57:43] AUTHENTICATION: Tentativa de login bem-sucedida para o email: coord_regional@protecao.gov.pt
[2024-11-06 17:58:50] AUTHENTICATION: Tentativa de login bem-sucedida para o email: operador1@protecao.gov.pt

---------------------------

Relatório do Sistema - 2024-11-06 18:02:14
Utilizadores Ativos: []
Operações Recentes:
[2024-11-06 17:57:43] AUTHENTICATION: Tentativa de login bem-sucedida para o email: coord_regional@protecao.gov.pt
[2024-11-06 17:58:50] AUTHENTICATION: Tentativa de login bem-sucedida para o email: operador1@protecao.gov.pt

---------------------------

Relatório do Sistema - 2024-11-06 18:02:19
Utilizadores Ativos: []
Operações Recentes:
[2024-11-06 17:57:43] AUTHENTICATION: Tentativa de login bem-sucedida para o email: coord_regional@protecao.gov.pt
[2024-11-06 17:58:50] AUTHENTICATION: Tentativa de login bem-sucedida para o email: operador1@protecao.gov.pt

---------------------------

Relatório do Sistema - 2024-11-06 18:02:24
Utilizadores Ativos: []
Operações Recentes:
[2024-11-06 17:57:43] AUTHENTICATION: Tentativa de login bem-sucedida para o email: coord_regional@protecao.gov.pt
[2024-11-06 17:58:50] AUTHENTICATION: Tentativa de login bem-sucedida para o email: operador1@protecao.gov.pt

---------------------------

Relatório do Sistema - 2024-11-06 18:02:29
Utilizadores Ativos: []
Operações Recentes:
[2024-11-06 17:57:43] AUTHENTICATION: Tentativa de login bem-sucedida para o email: coord_regional@protecao.gov.pt
[2024-11-06 17:58:50] AUTHENTICATION: Tentativa de login bem-sucedida para o email: operador1@protecao.gov.pt

---------------------------

Relatório do Sistema - 2024-11-06 18:02:34
Utilizadores Ativos: []
Operações Recentes:
[2024-11-06 17:57:43] AUTHENTICATION: Tentativa de login bem-sucedida para o email: coord_regional@protecao.gov.pt
[2024-11-06 17:58:50] AUTHENTICATION: Tentativa de login bem-sucedida para o email: operador1@protecao.gov.pt

---------------------------

Relatório do Sistema - 2024-11-06 18:02:39
Utilizadores Ativos: []
Operações Recentes:
[2024-11-06 17:57:43] AUTHENTICATION: Tentativa de login bem-sucedida para o email: coord_regional@protecao.gov.pt
[2024-11-06 17:58:50] AUTHENTICATION: Tentativa de login bem-sucedida para o email: operador1@protecao.gov.pt

---------------------------

