Relatório do Sistema - 2024-11-20 17:03:58
Operações Recentes:

---------------------------

Relatório do Sistema - 2024-11-20 17:04:03
Operações Recentes:

---------------------------

Relatório do Sistema - 2024-11-20 17:04:08
Operações Recentes:

---------------------------

Relatório do Sistema - 2024-11-20 17:04:13
Operações Recentes:

---------------------------

Relatório do Sistema - 2024-11-20 17:04:18
Operações Recentes:

---------------------------

Relatório do Sistema - 2024-11-20 17:04:23
Operações Recentes:
[2024-11-20 17:04:20] AUTHENTICATION: Tentativa de login bem-sucedida para o email: coord_regional@protecao.gov.pt
[2024-11-20 17:04:20] ACTIVE_USERS: coord_regional@protecao.gov.pt

---------------------------

Relatório do Sistema - 2024-11-20 17:04:28
Operações Recentes:
[2024-11-20 17:04:20] AUTHENTICATION: Tentativa de login bem-sucedida para o email: coord_regional@protecao.gov.pt
[2024-11-20 17:04:20] ACTIVE_USERS: coord_regional@protecao.gov.pt

---------------------------

Relatório do Sistema - 2024-11-20 17:04:33
Operações Recentes:
[2024-11-20 17:04:20] AUTHENTICATION: Tentativa de login bem-sucedida para o email: coord_regional@protecao.gov.pt
[2024-11-20 17:04:20] ACTIVE_USERS: coord_regional@protecao.gov.pt

---------------------------

Relatório do Sistema - 2024-11-20 17:04:38
Operações Recentes:
[2024-11-20 17:04:20] AUTHENTICATION: Tentativa de login bem-sucedida para o email: coord_regional@protecao.gov.pt
[2024-11-20 17:04:20] ACTIVE_USERS: coord_regional@protecao.gov.pt

---------------------------

Relatório do Sistema - 2024-11-20 17:04:43
Operações Recentes:
[2024-11-20 17:04:20] AUTHENTICATION: Tentativa de login bem-sucedida para o email: coord_regional@protecao.gov.pt
[2024-11-20 17:04:20] ACTIVE_USERS: coord_regional@protecao.gov.pt

---------------------------

Relatório do Sistema - 2024-11-20 17:04:48
Operações Recentes:
[2024-11-20 17:04:20] AUTHENTICATION: Tentativa de login bem-sucedida para o email: coord_regional@protecao.gov.pt
[2024-11-20 17:04:20] ACTIVE_USERS: coord_regional@protecao.gov.pt

---------------------------

Relatório do Sistema - 2024-11-20 17:04:53
Operações Recentes:
[2024-11-20 17:04:20] AUTHENTICATION: Tentativa de login bem-sucedida para o email: coord_regional@protecao.gov.pt
[2024-11-20 17:04:20] ACTIVE_USERS: coord_regional@protecao.gov.pt

---------------------------

Relatório do Sistema - 2024-11-20 17:04:59
Operações Recentes:
[2024-11-20 17:04:20] AUTHENTICATION: Tentativa de login bem-sucedida para o email: coord_regional@protecao.gov.pt
[2024-11-20 17:04:20] ACTIVE_USERS: coord_regional@protecao.gov.pt

---------------------------

Relatório do Sistema - 2024-11-20 17:05:04
Operações Recentes:
[2024-11-20 17:04:20] AUTHENTICATION: Tentativa de login bem-sucedida para o email: coord_regional@protecao.gov.pt
[2024-11-20 17:04:20] ACTIVE_USERS: coord_regional@protecao.gov.pt

---------------------------

Relatório do Sistema - 2024-11-20 17:05:09
Operações Recentes:
[2024-11-20 17:04:20] AUTHENTICATION: Tentativa de login bem-sucedida para o email: coord_regional@protecao.gov.pt
[2024-11-20 17:04:20] ACTIVE_USERS: coord_regional@protecao.gov.pt

---------------------------

Relatório do Sistema - 2024-11-20 17:05:14
Operações Recentes:
[2024-11-20 17:04:20] AUTHENTICATION: Tentativa de login bem-sucedida para o email: coord_regional@protecao.gov.pt
[2024-11-20 17:04:20] ACTIVE_USERS: coord_regional@protecao.gov.pt

---------------------------

Relatório do Sistema - 2024-11-20 17:05:19
Operações Recentes:
[2024-11-20 17:04:20] AUTHENTICATION: Tentativa de login bem-sucedida para o email: coord_regional@protecao.gov.pt
[2024-11-20 17:04:20] ACTIVE_USERS: coord_regional@protecao.gov.pt

---------------------------

Relatório do Sistema - 2024-11-20 17:05:24
Operações Recentes:
[2024-11-20 17:04:20] AUTHENTICATION: Tentativa de login bem-sucedida para o email: coord_regional@protecao.gov.pt
[2024-11-20 17:04:20] ACTIVE_USERS: coord_regional@protecao.gov.pt

---------------------------

Relatório do Sistema - 2024-11-20 17:05:29
Operações Recentes:
[2024-11-20 17:04:20] AUTHENTICATION: Tentativa de login bem-sucedida para o email: coord_regional@protecao.gov.pt
[2024-11-20 17:04:20] ACTIVE_USERS: coord_regional@protecao.gov.pt

---------------------------

Relatório do Sistema - 2024-11-20 17:05:34
Operações Recentes:
[2024-11-20 17:04:20] AUTHENTICATION: Tentativa de login bem-sucedida para o email: coord_regional@protecao.gov.pt
[2024-11-20 17:04:20] ACTIVE_USERS: coord_regional@protecao.gov.pt

---------------------------

Relatório do Sistema - 2024-11-20 17:05:39
Operações Recentes:
[2024-11-20 17:04:20] AUTHENTICATION: Tentativa de login bem-sucedida para o email: coord_regional@protecao.gov.pt
[2024-11-20 17:04:20] ACTIVE_USERS: coord_regional@protecao.gov.pt

---------------------------

Relatório do Sistema - 2024-11-20 17:05:44
Operações Recentes:
[2024-11-20 17:04:20] AUTHENTICATION: Tentativa de login bem-sucedida para o email: coord_regional@protecao.gov.pt
[2024-11-20 17:04:20] ACTIVE_USERS: coord_regional@protecao.gov.pt

---------------------------

Relatório do Sistema - 2024-11-20 17:05:49
Operações Recentes:
[2024-11-20 17:04:20] AUTHENTICATION: Tentativa de login bem-sucedida para o email: coord_regional@protecao.gov.pt
[2024-11-20 17:04:20] ACTIVE_USERS: coord_regional@protecao.gov.pt

---------------------------

Relatório do Sistema - 2024-11-20 17:05:54
Operações Recentes:
[2024-11-20 17:04:20] AUTHENTICATION: Tentativa de login bem-sucedida para o email: coord_regional@protecao.gov.pt
[2024-11-20 17:04:20] ACTIVE_USERS: coord_regional@protecao.gov.pt

---------------------------

Relatório do Sistema - 2024-11-20 17:05:59
Operações Recentes:
[2024-11-20 17:04:20] AUTHENTICATION: Tentativa de login bem-sucedida para o email: coord_regional@protecao.gov.pt
[2024-11-20 17:04:20] ACTIVE_USERS: coord_regional@protecao.gov.pt

---------------------------

Relatório do Sistema - 2024-11-20 17:06:04
Operações Recentes:
[2024-11-20 17:04:20] AUTHENTICATION: Tentativa de login bem-sucedida para o email: coord_regional@protecao.gov.pt
[2024-11-20 17:04:20] ACTIVE_USERS: coord_regional@protecao.gov.pt

---------------------------

Relatório do Sistema - 2024-11-20 17:06:09
Operações Recentes:
[2024-11-20 17:04:20] AUTHENTICATION: Tentativa de login bem-sucedida para o email: coord_regional@protecao.gov.pt
[2024-11-20 17:04:20] ACTIVE_USERS: coord_regional@protecao.gov.pt

---------------------------

Relatório do Sistema - 2024-11-20 17:06:14
Operações Recentes:
[2024-11-20 17:04:20] AUTHENTICATION: Tentativa de login bem-sucedida para o email: coord_regional@protecao.gov.pt
[2024-11-20 17:04:20] ACTIVE_USERS: coord_regional@protecao.gov.pt

---------------------------

Relatório do Sistema - 2024-11-20 17:06:19
Operações Recentes:
[2024-11-20 17:04:20] AUTHENTICATION: Tentativa de login bem-sucedida para o email: coord_regional@protecao.gov.pt
[2024-11-20 17:04:20] ACTIVE_USERS: coord_regional@protecao.gov.pt

---------------------------

Relatório do Sistema - 2024-11-20 17:06:24
Operações Recentes:
[2024-11-20 17:04:20] AUTHENTICATION: Tentativa de login bem-sucedida para o email: coord_regional@protecao.gov.pt
[2024-11-20 17:04:20] ACTIVE_USERS: coord_regional@protecao.gov.pt

---------------------------

Relatório do Sistema - 2024-11-20 17:06:29
Operações Recentes:
[2024-11-20 17:04:20] AUTHENTICATION: Tentativa de login bem-sucedida para o email: coord_regional@protecao.gov.pt
[2024-11-20 17:04:20] ACTIVE_USERS: coord_regional@protecao.gov.pt

---------------------------

Relatório do Sistema - 2024-11-20 17:06:34
Operações Recentes:
[2024-11-20 17:04:20] AUTHENTICATION: Tentativa de login bem-sucedida para o email: coord_regional@protecao.gov.pt
[2024-11-20 17:04:20] ACTIVE_USERS: coord_regional@protecao.gov.pt
[2024-11-20 17:06:30] ACTIVE_USERS: 

---------------------------

Relatório do Sistema - 2024-11-20 17:06:39
Operações Recentes:
[2024-11-20 17:04:20] AUTHENTICATION: Tentativa de login bem-sucedida para o email: coord_regional@protecao.gov.pt
[2024-11-20 17:04:20] ACTIVE_USERS: coord_regional@protecao.gov.pt
[2024-11-20 17:06:30] ACTIVE_USERS: 

---------------------------

Relatório do Sistema - 2024-11-20 17:06:44
Operações Recentes:
[2024-11-20 17:04:20] AUTHENTICATION: Tentativa de login bem-sucedida para o email: coord_regional@protecao.gov.pt
[2024-11-20 17:04:20] ACTIVE_USERS: coord_regional@protecao.gov.pt
[2024-11-20 17:06:30] ACTIVE_USERS: 
[2024-11-20 17:06:41] AUTHENTICATION: Tentativa de login bem-sucedida para o email: coord_regional@protecao.gov.pt
[2024-11-20 17:06:41] ACTIVE_USERS: coord_regional@protecao.gov.pt

---------------------------

Relatório do Sistema - 2024-11-20 17:06:49
Operações Recentes:
[2024-11-20 17:04:20] AUTHENTICATION: Tentativa de login bem-sucedida para o email: coord_regional@protecao.gov.pt
[2024-11-20 17:04:20] ACTIVE_USERS: coord_regional@protecao.gov.pt
[2024-11-20 17:06:30] ACTIVE_USERS: 
[2024-11-20 17:06:41] AUTHENTICATION: Tentativa de login bem-sucedida para o email: coord_regional@protecao.gov.pt
[2024-11-20 17:06:41] ACTIVE_USERS: coord_regional@protecao.gov.pt

---------------------------

Relatório do Sistema - 2024-11-20 17:06:53
Operações Recentes:

---------------------------

Relatório do Sistema - 2024-11-20 17:06:58
Operações Recentes:

---------------------------

Relatório do Sistema - 2024-11-20 17:07:03
Operações Recentes:

---------------------------

Relatório do Sistema - 2024-11-20 17:07:08
Operações Recentes:

---------------------------

Relatório do Sistema - 2024-11-20 17:07:13
Operações Recentes:
[2024-11-20 17:07:10] AUTHENTICATION: Tentativa de login bem-sucedida para o email: coord_regional@protecao.gov.pt
[2024-11-20 17:07:10] ACTIVE_USERS: coord_regional@protecao.gov.pt

---------------------------

Relatório do Sistema - 2024-11-20 17:07:18
Operações Recentes:
[2024-11-20 17:07:10] AUTHENTICATION: Tentativa de login bem-sucedida para o email: coord_regional@protecao.gov.pt
[2024-11-20 17:07:10] ACTIVE_USERS: coord_regional@protecao.gov.pt

---------------------------

Relatório do Sistema - 2024-11-20 17:07:23
Operações Recentes:
[2024-11-20 17:07:10] AUTHENTICATION: Tentativa de login bem-sucedida para o email: coord_regional@protecao.gov.pt
[2024-11-20 17:07:10] ACTIVE_USERS: coord_regional@protecao.gov.pt

---------------------------

Relatório do Sistema - 2024-11-20 17:07:28
Operações Recentes:
[2024-11-20 17:07:10] AUTHENTICATION: Tentativa de login bem-sucedida para o email: coord_regional@protecao.gov.pt
[2024-11-20 17:07:10] ACTIVE_USERS: coord_regional@protecao.gov.pt

---------------------------

Relatório do Sistema - 2024-11-20 17:07:33
Operações Recentes:
[2024-11-20 17:07:10] AUTHENTICATION: Tentativa de login bem-sucedida para o email: coord_regional@protecao.gov.pt
[2024-11-20 17:07:10] ACTIVE_USERS: coord_regional@protecao.gov.pt

---------------------------

Relatório do Sistema - 2024-11-20 17:07:38
Operações Recentes:
[2024-11-20 17:07:10] AUTHENTICATION: Tentativa de login bem-sucedida para o email: coord_regional@protecao.gov.pt
[2024-11-20 17:07:10] ACTIVE_USERS: coord_regional@protecao.gov.pt

---------------------------

Relatório do Sistema - 2024-11-20 17:07:43
Operações Recentes:
[2024-11-20 17:07:10] AUTHENTICATION: Tentativa de login bem-sucedida para o email: coord_regional@protecao.gov.pt
[2024-11-20 17:07:10] ACTIVE_USERS: coord_regional@protecao.gov.pt

---------------------------

Relatório do Sistema - 2024-11-20 17:07:49
Operações Recentes:
[2024-11-20 17:07:10] AUTHENTICATION: Tentativa de login bem-sucedida para o email: coord_regional@protecao.gov.pt
[2024-11-20 17:07:10] ACTIVE_USERS: coord_regional@protecao.gov.pt

---------------------------

Relatório do Sistema - 2024-11-20 17:07:54
Operações Recentes:
[2024-11-20 17:07:10] AUTHENTICATION: Tentativa de login bem-sucedida para o email: coord_regional@protecao.gov.pt
[2024-11-20 17:07:10] ACTIVE_USERS: coord_regional@protecao.gov.pt

---------------------------

Relatório do Sistema - 2024-11-20 17:07:59
Operações Recentes:
[2024-11-20 17:07:10] AUTHENTICATION: Tentativa de login bem-sucedida para o email: coord_regional@protecao.gov.pt
[2024-11-20 17:07:10] ACTIVE_USERS: coord_regional@protecao.gov.pt

---------------------------

Relatório do Sistema - 2024-11-20 17:08:04
Operações Recentes:
[2024-11-20 17:07:10] AUTHENTICATION: Tentativa de login bem-sucedida para o email: coord_regional@protecao.gov.pt
[2024-11-20 17:07:10] ACTIVE_USERS: coord_regional@protecao.gov.pt

---------------------------

Relatório do Sistema - 2024-11-20 17:08:09
Operações Recentes:
[2024-11-20 17:07:10] AUTHENTICATION: Tentativa de login bem-sucedida para o email: coord_regional@protecao.gov.pt
[2024-11-20 17:07:10] ACTIVE_USERS: coord_regional@protecao.gov.pt

---------------------------

Relatório do Sistema - 2024-11-20 17:08:14
Operações Recentes:
[2024-11-20 17:07:10] AUTHENTICATION: Tentativa de login bem-sucedida para o email: coord_regional@protecao.gov.pt
[2024-11-20 17:07:10] ACTIVE_USERS: coord_regional@protecao.gov.pt

---------------------------

Relatório do Sistema - 2024-11-20 17:08:30
Operações Recentes:

---------------------------

Relatório do Sistema - 2024-11-20 17:08:35
Operações Recentes:

---------------------------

Relatório do Sistema - 2024-11-20 17:08:40
Operações Recentes:

---------------------------

Relatório do Sistema - 2024-11-20 17:08:45
Operações Recentes:

---------------------------

Relatório do Sistema - 2024-11-20 17:08:50
Operações Recentes:

---------------------------

Relatório do Sistema - 2024-11-20 17:08:55
Operações Recentes:

---------------------------

Relatório do Sistema - 2024-11-20 17:09:03
Operações Recentes:
[2024-11-20 17:08:58] AUTHENTICATION: Tentativa de login bem-sucedida para o email: coord_regional@protecao.gov.pt
[2024-11-20 17:08:58] ACTIVE_USERS: coord_regional@protecao.gov.pt

---------------------------

Relatório do Sistema - 2024-11-20 17:09:13
Operações Recentes:
[2024-11-20 17:08:58] AUTHENTICATION: Tentativa de login bem-sucedida para o email: coord_regional@protecao.gov.pt
[2024-11-20 17:08:58] ACTIVE_USERS: coord_regional@protecao.gov.pt

---------------------------

Relatório do Sistema - 2024-11-20 17:10:10
Operações Recentes:
[2024-11-20 17:08:58] AUTHENTICATION: Tentativa de login bem-sucedida para o email: coord_regional@protecao.gov.pt
[2024-11-20 17:08:58] ACTIVE_USERS: coord_regional@protecao.gov.pt

---------------------------

Relatório do Sistema - 2024-11-20 17:10:18
Operações Recentes:
[2024-11-20 17:08:58] AUTHENTICATION: Tentativa de login bem-sucedida para o email: coord_regional@protecao.gov.pt
[2024-11-20 17:08:58] ACTIVE_USERS: coord_regional@protecao.gov.pt

---------------------------

Relatório do Sistema - 2024-11-20 17:10:24
Operações Recentes:
[2024-11-20 17:08:58] AUTHENTICATION: Tentativa de login bem-sucedida para o email: coord_regional@protecao.gov.pt
[2024-11-20 17:08:58] ACTIVE_USERS: coord_regional@protecao.gov.pt

---------------------------

Relatório do Sistema - 2024-11-20 17:10:29
Operações Recentes:
[2024-11-20 17:08:58] AUTHENTICATION: Tentativa de login bem-sucedida para o email: coord_regional@protecao.gov.pt
[2024-11-20 17:08:58] ACTIVE_USERS: coord_regional@protecao.gov.pt

---------------------------

Relatório do Sistema - 2024-11-20 17:11:12
Operações Recentes:
[2024-11-20 17:08:58] AUTHENTICATION: Tentativa de login bem-sucedida para o email: coord_regional@protecao.gov.pt
[2024-11-20 17:08:58] ACTIVE_USERS: coord_regional@protecao.gov.pt

---------------------------

Relatório do Sistema - 2024-11-20 17:11:18
Operações Recentes:
[2024-11-20 17:08:58] AUTHENTICATION: Tentativa de login bem-sucedida para o email: coord_regional@protecao.gov.pt
[2024-11-20 17:08:58] ACTIVE_USERS: coord_regional@protecao.gov.pt

---------------------------

Relatório do Sistema - 2024-11-20 17:11:23
Operações Recentes:
[2024-11-20 17:08:58] AUTHENTICATION: Tentativa de login bem-sucedida para o email: coord_regional@protecao.gov.pt
[2024-11-20 17:08:58] ACTIVE_USERS: coord_regional@protecao.gov.pt

---------------------------

Relatório do Sistema - 2024-11-20 17:11:28
Operações Recentes:
[2024-11-20 17:08:58] AUTHENTICATION: Tentativa de login bem-sucedida para o email: coord_regional@protecao.gov.pt
[2024-11-20 17:08:58] ACTIVE_USERS: coord_regional@protecao.gov.pt

---------------------------

Relatório do Sistema - 2024-11-20 17:11:33
Operações Recentes:
[2024-11-20 17:08:58] AUTHENTICATION: Tentativa de login bem-sucedida para o email: coord_regional@protecao.gov.pt
[2024-11-20 17:08:58] ACTIVE_USERS: coord_regional@protecao.gov.pt

---------------------------

Relatório do Sistema - 2024-11-20 17:11:38
Operações Recentes:
[2024-11-20 17:08:58] AUTHENTICATION: Tentativa de login bem-sucedida para o email: coord_regional@protecao.gov.pt
[2024-11-20 17:08:58] ACTIVE_USERS: coord_regional@protecao.gov.pt
[2024-11-20 17:11:35] ACTIVE_USERS: 

---------------------------

Relatório do Sistema - 2024-11-20 17:11:43
Operações Recentes:
[2024-11-20 17:08:58] AUTHENTICATION: Tentativa de login bem-sucedida para o email: coord_regional@protecao.gov.pt
[2024-11-20 17:08:58] ACTIVE_USERS: coord_regional@protecao.gov.pt
[2024-11-20 17:11:35] ACTIVE_USERS: 

---------------------------

Relatório do Sistema - 2024-11-20 17:11:48
Operações Recentes:
[2024-11-20 17:08:58] AUTHENTICATION: Tentativa de login bem-sucedida para o email: coord_regional@protecao.gov.pt
[2024-11-20 17:08:58] ACTIVE_USERS: coord_regional@protecao.gov.pt
[2024-11-20 17:11:35] ACTIVE_USERS: 

---------------------------

Relatório do Sistema - 2024-11-20 17:11:53
Operações Recentes:
[2024-11-20 17:08:58] AUTHENTICATION: Tentativa de login bem-sucedida para o email: coord_regional@protecao.gov.pt
[2024-11-20 17:08:58] ACTIVE_USERS: coord_regional@protecao.gov.pt
[2024-11-20 17:11:35] ACTIVE_USERS: 
[2024-11-20 17:11:53] ACTIVE_USERS: 

---------------------------

Relatório do Sistema - 2024-11-20 17:11:58
Operações Recentes:
[2024-11-20 17:08:58] AUTHENTICATION: Tentativa de login bem-sucedida para o email: coord_regional@protecao.gov.pt
[2024-11-20 17:08:58] ACTIVE_USERS: coord_regional@protecao.gov.pt
[2024-11-20 17:11:35] ACTIVE_USERS: 
[2024-11-20 17:11:53] ACTIVE_USERS: 

---------------------------

Relatório do Sistema - 2024-11-20 17:12:03
Operações Recentes:
[2024-11-20 17:08:58] AUTHENTICATION: Tentativa de login bem-sucedida para o email: coord_regional@protecao.gov.pt
[2024-11-20 17:08:58] ACTIVE_USERS: coord_regional@protecao.gov.pt
[2024-11-20 17:11:35] ACTIVE_USERS: 
[2024-11-20 17:11:53] ACTIVE_USERS: 

---------------------------

Relatório do Sistema - 2024-11-20 17:12:08
Operações Recentes:
[2024-11-20 17:08:58] AUTHENTICATION: Tentativa de login bem-sucedida para o email: coord_regional@protecao.gov.pt
[2024-11-20 17:08:58] ACTIVE_USERS: coord_regional@protecao.gov.pt
[2024-11-20 17:11:35] ACTIVE_USERS: 
[2024-11-20 17:11:53] ACTIVE_USERS: 
[2024-11-20 17:12:04] AUTHENTICATION: Tentativa de login bem-sucedida para o email: coord_regional@protecao.gov.pt
[2024-11-20 17:12:04] ACTIVE_USERS: coord_regional@protecao.gov.pt

---------------------------

Relatório do Sistema - 2024-11-20 17:12:14
Operações Recentes:
[2024-11-20 17:08:58] AUTHENTICATION: Tentativa de login bem-sucedida para o email: coord_regional@protecao.gov.pt
[2024-11-20 17:08:58] ACTIVE_USERS: coord_regional@protecao.gov.pt
[2024-11-20 17:11:35] ACTIVE_USERS: 
[2024-11-20 17:11:53] ACTIVE_USERS: 
[2024-11-20 17:12:04] AUTHENTICATION: Tentativa de login bem-sucedida para o email: coord_regional@protecao.gov.pt
[2024-11-20 17:12:04] ACTIVE_USERS: coord_regional@protecao.gov.pt

---------------------------

Relatório do Sistema - 2024-11-20 17:12:22
Operações Recentes:
[2024-11-20 17:08:58] AUTHENTICATION: Tentativa de login bem-sucedida para o email: coord_regional@protecao.gov.pt
[2024-11-20 17:08:58] ACTIVE_USERS: coord_regional@protecao.gov.pt
[2024-11-20 17:11:35] ACTIVE_USERS: 
[2024-11-20 17:11:53] ACTIVE_USERS: 
[2024-11-20 17:12:04] AUTHENTICATION: Tentativa de login bem-sucedida para o email: coord_regional@protecao.gov.pt
[2024-11-20 17:12:04] ACTIVE_USERS: coord_regional@protecao.gov.pt

---------------------------

Relatório do Sistema - 2024-11-20 17:12:28
Operações Recentes:
[2024-11-20 17:08:58] AUTHENTICATION: Tentativa de login bem-sucedida para o email: coord_regional@protecao.gov.pt
[2024-11-20 17:08:58] ACTIVE_USERS: coord_regional@protecao.gov.pt
[2024-11-20 17:11:35] ACTIVE_USERS: 
[2024-11-20 17:11:53] ACTIVE_USERS: 
[2024-11-20 17:12:04] AUTHENTICATION: Tentativa de login bem-sucedida para o email: coord_regional@protecao.gov.pt
[2024-11-20 17:12:04] ACTIVE_USERS: coord_regional@protecao.gov.pt

---------------------------

Relatório do Sistema - 2024-11-20 17:12:34
Operações Recentes:
[2024-11-20 17:08:58] AUTHENTICATION: Tentativa de login bem-sucedida para o email: coord_regional@protecao.gov.pt
[2024-11-20 17:08:58] ACTIVE_USERS: coord_regional@protecao.gov.pt
[2024-11-20 17:11:35] ACTIVE_USERS: 
[2024-11-20 17:11:53] ACTIVE_USERS: 
[2024-11-20 17:12:04] AUTHENTICATION: Tentativa de login bem-sucedida para o email: coord_regional@protecao.gov.pt
[2024-11-20 17:12:04] ACTIVE_USERS: coord_regional@protecao.gov.pt

---------------------------

Relatório do Sistema - 2024-11-20 17:12:51
Operações Recentes:
[2024-11-20 17:08:58] AUTHENTICATION: Tentativa de login bem-sucedida para o email: coord_regional@protecao.gov.pt
[2024-11-20 17:08:58] ACTIVE_USERS: coord_regional@protecao.gov.pt
[2024-11-20 17:11:35] ACTIVE_USERS: 
[2024-11-20 17:11:53] ACTIVE_USERS: 
[2024-11-20 17:12:04] AUTHENTICATION: Tentativa de login bem-sucedida para o email: coord_regional@protecao.gov.pt
[2024-11-20 17:12:04] ACTIVE_USERS: coord_regional@protecao.gov.pt

---------------------------

Relatório do Sistema - 2024-11-20 17:12:58
Operações Recentes:
[2024-11-20 17:08:58] AUTHENTICATION: Tentativa de login bem-sucedida para o email: coord_regional@protecao.gov.pt
[2024-11-20 17:08:58] ACTIVE_USERS: coord_regional@protecao.gov.pt
[2024-11-20 17:11:35] ACTIVE_USERS: 
[2024-11-20 17:11:53] ACTIVE_USERS: 
[2024-11-20 17:12:04] AUTHENTICATION: Tentativa de login bem-sucedida para o email: coord_regional@protecao.gov.pt
[2024-11-20 17:12:04] ACTIVE_USERS: coord_regional@protecao.gov.pt

---------------------------

Relatório do Sistema - 2024-11-20 17:13:05
Operações Recentes:
[2024-11-20 17:08:58] AUTHENTICATION: Tentativa de login bem-sucedida para o email: coord_regional@protecao.gov.pt
[2024-11-20 17:08:58] ACTIVE_USERS: coord_regional@protecao.gov.pt
[2024-11-20 17:11:35] ACTIVE_USERS: 
[2024-11-20 17:11:53] ACTIVE_USERS: 
[2024-11-20 17:12:04] AUTHENTICATION: Tentativa de login bem-sucedida para o email: coord_regional@protecao.gov.pt
[2024-11-20 17:12:04] ACTIVE_USERS: coord_regional@protecao.gov.pt

---------------------------

Relatório do Sistema - 2024-11-20 17:13:15
Operações Recentes:
[2024-11-20 17:08:58] AUTHENTICATION: Tentativa de login bem-sucedida para o email: coord_regional@protecao.gov.pt
[2024-11-20 17:08:58] ACTIVE_USERS: coord_regional@protecao.gov.pt
[2024-11-20 17:11:35] ACTIVE_USERS: 
[2024-11-20 17:11:53] ACTIVE_USERS: 
[2024-11-20 17:12:04] AUTHENTICATION: Tentativa de login bem-sucedida para o email: coord_regional@protecao.gov.pt
[2024-11-20 17:12:04] ACTIVE_USERS: coord_regional@protecao.gov.pt

---------------------------

Relatório do Sistema - 2024-11-20 17:13:20
Operações Recentes:
[2024-11-20 17:08:58] AUTHENTICATION: Tentativa de login bem-sucedida para o email: coord_regional@protecao.gov.pt
[2024-11-20 17:08:58] ACTIVE_USERS: coord_regional@protecao.gov.pt
[2024-11-20 17:11:35] ACTIVE_USERS: 
[2024-11-20 17:11:53] ACTIVE_USERS: 
[2024-11-20 17:12:04] AUTHENTICATION: Tentativa de login bem-sucedida para o email: coord_regional@protecao.gov.pt
[2024-11-20 17:12:04] ACTIVE_USERS: coord_regional@protecao.gov.pt

---------------------------

Relatório do Sistema - 2024-11-20 17:13:27
Operações Recentes:
[2024-11-20 17:08:58] AUTHENTICATION: Tentativa de login bem-sucedida para o email: coord_regional@protecao.gov.pt
[2024-11-20 17:08:58] ACTIVE_USERS: coord_regional@protecao.gov.pt
[2024-11-20 17:11:35] ACTIVE_USERS: 
[2024-11-20 17:11:53] ACTIVE_USERS: 
[2024-11-20 17:12:04] AUTHENTICATION: Tentativa de login bem-sucedida para o email: coord_regional@protecao.gov.pt
[2024-11-20 17:12:04] ACTIVE_USERS: coord_regional@protecao.gov.pt

---------------------------

Relatório do Sistema - 2024-11-20 17:13:32
Operações Recentes:

---------------------------

Relatório do Sistema - 2024-11-20 17:13:37
Operações Recentes:

---------------------------

Relatório do Sistema - 2024-11-20 17:13:42
Operações Recentes:

---------------------------

Relatório do Sistema - 2024-11-20 17:13:47
Operações Recentes:

---------------------------

Relatório do Sistema - 2024-11-20 17:13:52
Operações Recentes:

---------------------------

Relatório do Sistema - 2024-11-20 17:13:57
Operações Recentes:
[2024-11-20 17:13:52] AUTHENTICATION: Tentativa de login bem-sucedida para o email: coord_regional@protecao.gov.pt
[2024-11-20 17:13:52] ACTIVE_USERS: coord_regional@protecao.gov.pt

---------------------------

Relatório do Sistema - 2024-11-20 17:14:04
Operações Recentes:
[2024-11-20 17:13:52] AUTHENTICATION: Tentativa de login bem-sucedida para o email: coord_regional@protecao.gov.pt
[2024-11-20 17:13:52] ACTIVE_USERS: coord_regional@protecao.gov.pt

---------------------------

Relatório do Sistema - 2024-11-20 17:14:09
Operações Recentes:
[2024-11-20 17:13:52] AUTHENTICATION: Tentativa de login bem-sucedida para o email: coord_regional@protecao.gov.pt
[2024-11-20 17:13:52] ACTIVE_USERS: coord_regional@protecao.gov.pt

---------------------------

Relatório do Sistema - 2024-11-20 17:14:15
Operações Recentes:
[2024-11-20 17:13:52] AUTHENTICATION: Tentativa de login bem-sucedida para o email: coord_regional@protecao.gov.pt
[2024-11-20 17:13:52] ACTIVE_USERS: coord_regional@protecao.gov.pt

---------------------------

Relatório do Sistema - 2024-11-20 17:14:21
Operações Recentes:
[2024-11-20 17:13:52] AUTHENTICATION: Tentativa de login bem-sucedida para o email: coord_regional@protecao.gov.pt
[2024-11-20 17:13:52] ACTIVE_USERS: coord_regional@protecao.gov.pt

---------------------------

Relatório do Sistema - 2024-11-20 17:14:28
Operações Recentes:
[2024-11-20 17:13:52] AUTHENTICATION: Tentativa de login bem-sucedida para o email: coord_regional@protecao.gov.pt
[2024-11-20 17:13:52] ACTIVE_USERS: coord_regional@protecao.gov.pt

---------------------------

Relatório do Sistema - 2024-11-20 17:14:33
Operações Recentes:
[2024-11-20 17:13:52] AUTHENTICATION: Tentativa de login bem-sucedida para o email: coord_regional@protecao.gov.pt
[2024-11-20 17:13:52] ACTIVE_USERS: coord_regional@protecao.gov.pt

---------------------------

Relatório do Sistema - 2024-11-20 17:14:38
Operações Recentes:
[2024-11-20 17:13:52] AUTHENTICATION: Tentativa de login bem-sucedida para o email: coord_regional@protecao.gov.pt
[2024-11-20 17:13:52] ACTIVE_USERS: coord_regional@protecao.gov.pt

---------------------------

Relatório do Sistema - 2024-11-20 17:14:43
Operações Recentes:
[2024-11-20 17:13:52] AUTHENTICATION: Tentativa de login bem-sucedida para o email: coord_regional@protecao.gov.pt
[2024-11-20 17:13:52] ACTIVE_USERS: coord_regional@protecao.gov.pt

---------------------------

Relatório do Sistema - 2024-11-20 17:14:48
Operações Recentes:
[2024-11-20 17:13:52] AUTHENTICATION: Tentativa de login bem-sucedida para o email: coord_regional@protecao.gov.pt
[2024-11-20 17:13:52] ACTIVE_USERS: coord_regional@protecao.gov.pt

---------------------------

Relatório do Sistema - 2024-11-20 17:14:53
Operações Recentes:
[2024-11-20 17:13:52] AUTHENTICATION: Tentativa de login bem-sucedida para o email: coord_regional@protecao.gov.pt
[2024-11-20 17:13:52] ACTIVE_USERS: coord_regional@protecao.gov.pt

---------------------------

Relatório do Sistema - 2024-11-20 17:14:58
Operações Recentes:
[2024-11-20 17:13:52] AUTHENTICATION: Tentativa de login bem-sucedida para o email: coord_regional@protecao.gov.pt
[2024-11-20 17:13:52] ACTIVE_USERS: coord_regional@protecao.gov.pt

---------------------------

Relatório do Sistema - 2024-11-20 17:15:03
Operações Recentes:
[2024-11-20 17:13:52] AUTHENTICATION: Tentativa de login bem-sucedida para o email: coord_regional@protecao.gov.pt
[2024-11-20 17:13:52] ACTIVE_USERS: coord_regional@protecao.gov.pt

---------------------------

Relatório do Sistema - 2024-11-20 17:15:08
Operações Recentes:
[2024-11-20 17:13:52] AUTHENTICATION: Tentativa de login bem-sucedida para o email: coord_regional@protecao.gov.pt
[2024-11-20 17:13:52] ACTIVE_USERS: coord_regional@protecao.gov.pt

---------------------------

Relatório do Sistema - 2024-11-20 17:15:13
Operações Recentes:
[2024-11-20 17:13:52] AUTHENTICATION: Tentativa de login bem-sucedida para o email: coord_regional@protecao.gov.pt
[2024-11-20 17:13:52] ACTIVE_USERS: coord_regional@protecao.gov.pt

---------------------------

Relatório do Sistema - 2024-11-20 17:15:18
Operações Recentes:
[2024-11-20 17:13:52] AUTHENTICATION: Tentativa de login bem-sucedida para o email: coord_regional@protecao.gov.pt
[2024-11-20 17:13:52] ACTIVE_USERS: coord_regional@protecao.gov.pt

---------------------------

Relatório do Sistema - 2024-11-20 17:15:23
Operações Recentes:
[2024-11-20 17:13:52] AUTHENTICATION: Tentativa de login bem-sucedida para o email: coord_regional@protecao.gov.pt
[2024-11-20 17:13:52] ACTIVE_USERS: coord_regional@protecao.gov.pt

---------------------------

Relatório do Sistema - 2024-11-20 17:15:28
Operações Recentes:
[2024-11-20 17:13:52] AUTHENTICATION: Tentativa de login bem-sucedida para o email: coord_regional@protecao.gov.pt
[2024-11-20 17:13:52] ACTIVE_USERS: coord_regional@protecao.gov.pt

---------------------------

Relatório do Sistema - 2024-11-20 17:15:33
Operações Recentes:
[2024-11-20 17:13:52] AUTHENTICATION: Tentativa de login bem-sucedida para o email: coord_regional@protecao.gov.pt
[2024-11-20 17:13:52] ACTIVE_USERS: coord_regional@protecao.gov.pt

---------------------------

Relatório do Sistema - 2024-11-20 17:15:38
Operações Recentes:
[2024-11-20 17:13:52] AUTHENTICATION: Tentativa de login bem-sucedida para o email: coord_regional@protecao.gov.pt
[2024-11-20 17:13:52] ACTIVE_USERS: coord_regional@protecao.gov.pt

---------------------------

Relatório do Sistema - 2024-11-20 17:15:43
Operações Recentes:
[2024-11-20 17:13:52] AUTHENTICATION: Tentativa de login bem-sucedida para o email: coord_regional@protecao.gov.pt
[2024-11-20 17:13:52] ACTIVE_USERS: coord_regional@protecao.gov.pt

---------------------------

Relatório do Sistema - 2024-11-20 17:15:48
Operações Recentes:
[2024-11-20 17:13:52] AUTHENTICATION: Tentativa de login bem-sucedida para o email: coord_regional@protecao.gov.pt
[2024-11-20 17:13:52] ACTIVE_USERS: coord_regional@protecao.gov.pt

---------------------------

Relatório do Sistema - 2024-11-20 17:15:53
Operações Recentes:
[2024-11-20 17:13:52] AUTHENTICATION: Tentativa de login bem-sucedida para o email: coord_regional@protecao.gov.pt
[2024-11-20 17:13:52] ACTIVE_USERS: coord_regional@protecao.gov.pt

---------------------------

Relatório do Sistema - 2024-11-20 17:15:58
Operações Recentes:
[2024-11-20 17:13:52] AUTHENTICATION: Tentativa de login bem-sucedida para o email: coord_regional@protecao.gov.pt
[2024-11-20 17:13:52] ACTIVE_USERS: coord_regional@protecao.gov.pt

---------------------------

Relatório do Sistema - 2024-11-20 17:16:03
Operações Recentes:
[2024-11-20 17:13:52] AUTHENTICATION: Tentativa de login bem-sucedida para o email: coord_regional@protecao.gov.pt
[2024-11-20 17:13:52] ACTIVE_USERS: coord_regional@protecao.gov.pt

---------------------------

Relatório do Sistema - 2024-11-20 17:16:08
Operações Recentes:
[2024-11-20 17:13:52] AUTHENTICATION: Tentativa de login bem-sucedida para o email: coord_regional@protecao.gov.pt
[2024-11-20 17:13:52] ACTIVE_USERS: coord_regional@protecao.gov.pt

---------------------------

Relatório do Sistema - 2024-11-20 17:16:13
Operações Recentes:
[2024-11-20 17:13:52] AUTHENTICATION: Tentativa de login bem-sucedida para o email: coord_regional@protecao.gov.pt
[2024-11-20 17:13:52] ACTIVE_USERS: coord_regional@protecao.gov.pt

---------------------------

Relatório do Sistema - 2024-11-20 17:19:07
Operações Recentes:

---------------------------

Relatório do Sistema - 2024-11-20 17:19:12
Operações Recentes:

---------------------------

Relatório do Sistema - 2024-11-20 17:19:17
Operações Recentes:

---------------------------

Relatório do Sistema - 2024-11-20 17:19:22
Operações Recentes:

---------------------------

Relatório do Sistema - 2024-11-20 17:19:27
Operações Recentes:

---------------------------

Relatório do Sistema - 2024-11-20 17:19:32
Operações Recentes:

---------------------------

Relatório do Sistema - 2024-11-20 17:19:37
Operações Recentes:

---------------------------

Relatório do Sistema - 2024-11-20 17:19:42
Operações Recentes:

---------------------------

Relatório do Sistema - 2024-11-20 17:19:49
Operações Recentes:
[2024-11-20 17:19:43] AUTHENTICATION: Tentativa de login bem-sucedida para o email: coord_regional@protecao.gov.pt
[2024-11-20 17:19:43] ACTIVE_USERS: coord_regional@protecao.gov.pt

---------------------------

Relatório do Sistema - 2024-11-20 17:21:18
Operações Recentes:

---------------------------

Relatório do Sistema - 2024-11-20 17:21:23
Operações Recentes:

---------------------------

Relatório do Sistema - 2024-11-20 17:21:28
Operações Recentes:

---------------------------

Relatório do Sistema - 2024-11-20 17:21:33
Operações Recentes:

---------------------------

Relatório do Sistema - 2024-11-20 17:21:43
Operações Recentes:
[2024-11-20 17:21:38] AUTHENTICATION: Tentativa de login bem-sucedida para o email: coord_regional@protecao.gov.pt
[2024-11-20 17:21:38] ACTIVE_USERS: coord_regional@protecao.gov.pt

---------------------------

Relatório do Sistema - 2024-11-20 17:21:53
Operações Recentes:
[2024-11-20 17:21:38] AUTHENTICATION: Tentativa de login bem-sucedida para o email: coord_regional@protecao.gov.pt
[2024-11-20 17:21:38] ACTIVE_USERS: coord_regional@protecao.gov.pt

---------------------------

Relatório do Sistema - 2024-11-20 17:22:06
Operações Recentes:
[2024-11-20 17:21:38] AUTHENTICATION: Tentativa de login bem-sucedida para o email: coord_regional@protecao.gov.pt
[2024-11-20 17:21:38] ACTIVE_USERS: coord_regional@protecao.gov.pt

---------------------------

Relatório do Sistema - 2024-11-20 17:22:14
Operações Recentes:
[2024-11-20 17:21:38] AUTHENTICATION: Tentativa de login bem-sucedida para o email: coord_regional@protecao.gov.pt
[2024-11-20 17:21:38] ACTIVE_USERS: coord_regional@protecao.gov.pt

---------------------------

Relatório do Sistema - 2024-11-20 17:22:29
Operações Recentes:
[2024-11-20 17:21:38] AUTHENTICATION: Tentativa de login bem-sucedida para o email: coord_regional@protecao.gov.pt
[2024-11-20 17:21:38] ACTIVE_USERS: coord_regional@protecao.gov.pt

---------------------------

Relatório do Sistema - 2024-11-20 17:22:38
Operações Recentes:
[2024-11-20 17:21:38] AUTHENTICATION: Tentativa de login bem-sucedida para o email: coord_regional@protecao.gov.pt
[2024-11-20 17:21:38] ACTIVE_USERS: coord_regional@protecao.gov.pt

---------------------------

Relatório do Sistema - 2024-11-20 17:22:45
Operações Recentes:
[2024-11-20 17:21:38] AUTHENTICATION: Tentativa de login bem-sucedida para o email: coord_regional@protecao.gov.pt
[2024-11-20 17:21:38] ACTIVE_USERS: coord_regional@protecao.gov.pt

---------------------------

Relatório do Sistema - 2024-11-20 17:22:56
Operações Recentes:
[2024-11-20 17:21:38] AUTHENTICATION: Tentativa de login bem-sucedida para o email: coord_regional@protecao.gov.pt
[2024-11-20 17:21:38] ACTIVE_USERS: coord_regional@protecao.gov.pt

---------------------------

Relatório do Sistema - 2024-11-20 17:24:44
Operações Recentes:
[2024-11-20 17:21:38] AUTHENTICATION: Tentativa de login bem-sucedida para o email: coord_regional@protecao.gov.pt
[2024-11-20 17:21:38] ACTIVE_USERS: coord_regional@protecao.gov.pt

---------------------------

Relatório do Sistema - 2024-11-20 17:25:02
Operações Recentes:
[2024-11-20 17:21:38] AUTHENTICATION: Tentativa de login bem-sucedida para o email: coord_regional@protecao.gov.pt
[2024-11-20 17:21:38] ACTIVE_USERS: coord_regional@protecao.gov.pt

---------------------------

Relatório do Sistema - 2024-11-20 17:25:45
Operações Recentes:

---------------------------

Relatório do Sistema - 2024-11-20 17:25:50
Operações Recentes:

---------------------------

Relatório do Sistema - 2024-11-20 17:25:55
Operações Recentes:

---------------------------

Relatório do Sistema - 2024-11-20 17:26:00
Operações Recentes:

---------------------------

Relatório do Sistema - 2024-11-20 17:26:07
Operações Recentes:
[2024-11-20 17:26:02] AUTHENTICATION: Tentativa de login bem-sucedida para o email: coord_regional@protecao.gov.pt
[2024-11-20 17:26:02] ACTIVE_USERS: coord_regional@protecao.gov.pt

---------------------------

Relatório do Sistema - 2024-11-20 17:26:13
Operações Recentes:
[2024-11-20 17:26:02] AUTHENTICATION: Tentativa de login bem-sucedida para o email: coord_regional@protecao.gov.pt
[2024-11-20 17:26:02] ACTIVE_USERS: coord_regional@protecao.gov.pt

---------------------------

Relatório do Sistema - 2024-11-20 17:26:19
Operações Recentes:
[2024-11-20 17:26:02] AUTHENTICATION: Tentativa de login bem-sucedida para o email: coord_regional@protecao.gov.pt
[2024-11-20 17:26:02] ACTIVE_USERS: coord_regional@protecao.gov.pt

---------------------------

Relatório do Sistema - 2024-11-20 17:26:25
Operações Recentes:
[2024-11-20 17:26:02] AUTHENTICATION: Tentativa de login bem-sucedida para o email: coord_regional@protecao.gov.pt
[2024-11-20 17:26:02] ACTIVE_USERS: coord_regional@protecao.gov.pt

---------------------------

Relatório do Sistema - 2024-11-20 17:34:29
Operações Recentes:

---------------------------

Relatório do Sistema - 2024-11-20 17:34:34
Operações Recentes:

---------------------------

Relatório do Sistema - 2024-11-20 17:34:39
Operações Recentes:

---------------------------

Relatório do Sistema - 2024-11-20 17:34:44
Operações Recentes:

---------------------------

Relatório do Sistema - 2024-11-20 17:34:49
Operações Recentes:

---------------------------

Relatório do Sistema - 2024-11-20 17:34:59
Operações Recentes:
[2024-11-20 17:34:53] AUTHENTICATION: Tentativa de login bem-sucedida para o email: coord_regional@protecao.gov.pt
[2024-11-20 17:34:53] ACTIVE_USERS: coord_regional@protecao.gov.pt

---------------------------

Relatório do Sistema - 2024-11-20 17:35:10
Operações Recentes:
[2024-11-20 17:34:53] AUTHENTICATION: Tentativa de login bem-sucedida para o email: coord_regional@protecao.gov.pt
[2024-11-20 17:34:53] ACTIVE_USERS: coord_regional@protecao.gov.pt

---------------------------

Relatório do Sistema - 2024-11-20 17:35:29
Operações Recentes:
[2024-11-20 17:34:53] AUTHENTICATION: Tentativa de login bem-sucedida para o email: coord_regional@protecao.gov.pt
[2024-11-20 17:34:53] ACTIVE_USERS: coord_regional@protecao.gov.pt

---------------------------

Relatório do Sistema - 2024-11-20 17:35:34
Operações Recentes:
[2024-11-20 17:34:53] AUTHENTICATION: Tentativa de login bem-sucedida para o email: coord_regional@protecao.gov.pt
[2024-11-20 17:34:53] ACTIVE_USERS: coord_regional@protecao.gov.pt

---------------------------

Relatório do Sistema - 2024-11-20 17:35:47
Operações Recentes:

---------------------------

Relatório do Sistema - 2024-11-20 17:35:52
Operações Recentes:

---------------------------

Relatório do Sistema - 2024-11-20 17:35:57
Operações Recentes:

---------------------------

Relatório do Sistema - 2024-11-20 17:36:02
Operações Recentes:

---------------------------

Relatório do Sistema - 2024-11-20 17:36:07
Operações Recentes:

---------------------------

Relatório do Sistema - 2024-11-20 17:36:12
Operações Recentes:

---------------------------

Relatório do Sistema - 2024-11-20 17:36:17
Operações Recentes:

---------------------------

Relatório do Sistema - 2024-11-20 17:36:22
Operações Recentes:

---------------------------

Relatório do Sistema - 2024-11-20 17:36:27
Operações Recentes:

---------------------------

Relatório do Sistema - 2024-11-20 17:36:32
Operações Recentes:

---------------------------

Relatório do Sistema - 2024-11-20 17:36:37
Operações Recentes:

---------------------------

Relatório do Sistema - 2024-11-20 17:36:42
Operações Recentes:
[2024-11-20 17:36:39] AUTHENTICATION: Tentativa de login bem-sucedida para o email: coord_regional@protecao.gov.pt
[2024-11-20 17:36:39] ACTIVE_USERS: coord_regional@protecao.gov.pt

---------------------------

Relatório do Sistema - 2024-11-20 17:36:47
Operações Recentes:
[2024-11-20 17:36:39] AUTHENTICATION: Tentativa de login bem-sucedida para o email: coord_regional@protecao.gov.pt
[2024-11-20 17:36:39] ACTIVE_USERS: coord_regional@protecao.gov.pt

---------------------------

Relatório do Sistema - 2024-11-20 17:36:52
Operações Recentes:
[2024-11-20 17:36:39] AUTHENTICATION: Tentativa de login bem-sucedida para o email: coord_regional@protecao.gov.pt
[2024-11-20 17:36:39] ACTIVE_USERS: coord_regional@protecao.gov.pt

---------------------------

Relatório do Sistema - 2024-11-20 17:36:57
Operações Recentes:
[2024-11-20 17:36:39] AUTHENTICATION: Tentativa de login bem-sucedida para o email: coord_regional@protecao.gov.pt
[2024-11-20 17:36:39] ACTIVE_USERS: coord_regional@protecao.gov.pt
[2024-11-20 17:36:53] ACTIVE_USERS: 

---------------------------

Relatório do Sistema - 2024-11-20 17:37:02
Operações Recentes:
[2024-11-20 17:36:39] AUTHENTICATION: Tentativa de login bem-sucedida para o email: coord_regional@protecao.gov.pt
[2024-11-20 17:36:39] ACTIVE_USERS: coord_regional@protecao.gov.pt
[2024-11-20 17:36:53] ACTIVE_USERS: 

---------------------------

Relatório do Sistema - 2024-11-20 17:37:07
Operações Recentes:
[2024-11-20 17:36:39] AUTHENTICATION: Tentativa de login bem-sucedida para o email: coord_regional@protecao.gov.pt
[2024-11-20 17:36:39] ACTIVE_USERS: coord_regional@protecao.gov.pt
[2024-11-20 17:36:53] ACTIVE_USERS: 

---------------------------

Relatório do Sistema - 2024-11-20 17:37:12
Operações Recentes:
[2024-11-20 17:36:39] AUTHENTICATION: Tentativa de login bem-sucedida para o email: coord_regional@protecao.gov.pt
[2024-11-20 17:36:39] ACTIVE_USERS: coord_regional@protecao.gov.pt
[2024-11-20 17:36:53] ACTIVE_USERS: 
[2024-11-20 17:37:08] ACTIVE_USERS: 

---------------------------

Relatório do Sistema - 2024-11-20 17:37:17
Operações Recentes:
[2024-11-20 17:36:39] AUTHENTICATION: Tentativa de login bem-sucedida para o email: coord_regional@protecao.gov.pt
[2024-11-20 17:36:39] ACTIVE_USERS: coord_regional@protecao.gov.pt
[2024-11-20 17:36:53] ACTIVE_USERS: 
[2024-11-20 17:37:08] ACTIVE_USERS: 

---------------------------

Relatório do Sistema - 2024-11-20 17:37:22
Operações Recentes:
[2024-11-20 17:36:39] AUTHENTICATION: Tentativa de login bem-sucedida para o email: coord_regional@protecao.gov.pt
[2024-11-20 17:36:39] ACTIVE_USERS: coord_regional@protecao.gov.pt
[2024-11-20 17:36:53] ACTIVE_USERS: 
[2024-11-20 17:37:08] ACTIVE_USERS: 
[2024-11-20 17:37:17] AUTHENTICATION: Tentativa de login bem-sucedida para o email: coord_regional@protecao.gov.pt
[2024-11-20 17:37:17] ACTIVE_USERS: coord_regional@protecao.gov.pt

---------------------------

Relatório do Sistema - 2024-11-20 17:37:27
Operações Recentes:
[2024-11-20 17:36:39] AUTHENTICATION: Tentativa de login bem-sucedida para o email: coord_regional@protecao.gov.pt
[2024-11-20 17:36:39] ACTIVE_USERS: coord_regional@protecao.gov.pt
[2024-11-20 17:36:53] ACTIVE_USERS: 
[2024-11-20 17:37:08] ACTIVE_USERS: 
[2024-11-20 17:37:17] AUTHENTICATION: Tentativa de login bem-sucedida para o email: coord_regional@protecao.gov.pt
[2024-11-20 17:37:17] ACTIVE_USERS: coord_regional@protecao.gov.pt

---------------------------

Relatório do Sistema - 2024-11-20 17:37:32
Operações Recentes:
[2024-11-20 17:36:39] AUTHENTICATION: Tentativa de login bem-sucedida para o email: coord_regional@protecao.gov.pt
[2024-11-20 17:36:39] ACTIVE_USERS: coord_regional@protecao.gov.pt
[2024-11-20 17:36:53] ACTIVE_USERS: 
[2024-11-20 17:37:08] ACTIVE_USERS: 
[2024-11-20 17:37:17] AUTHENTICATION: Tentativa de login bem-sucedida para o email: coord_regional@protecao.gov.pt
[2024-11-20 17:37:17] ACTIVE_USERS: coord_regional@protecao.gov.pt

---------------------------

Relatório do Sistema - 2024-11-20 17:37:37
Operações Recentes:
[2024-11-20 17:36:39] AUTHENTICATION: Tentativa de login bem-sucedida para o email: coord_regional@protecao.gov.pt
[2024-11-20 17:36:39] ACTIVE_USERS: coord_regional@protecao.gov.pt
[2024-11-20 17:36:53] ACTIVE_USERS: 
[2024-11-20 17:37:08] ACTIVE_USERS: 
[2024-11-20 17:37:17] AUTHENTICATION: Tentativa de login bem-sucedida para o email: coord_regional@protecao.gov.pt
[2024-11-20 17:37:17] ACTIVE_USERS: coord_regional@protecao.gov.pt

---------------------------

Relatório do Sistema - 2024-11-20 17:37:42
Operações Recentes:
[2024-11-20 17:36:39] AUTHENTICATION: Tentativa de login bem-sucedida para o email: coord_regional@protecao.gov.pt
[2024-11-20 17:36:39] ACTIVE_USERS: coord_regional@protecao.gov.pt
[2024-11-20 17:36:53] ACTIVE_USERS: 
[2024-11-20 17:37:08] ACTIVE_USERS: 
[2024-11-20 17:37:17] AUTHENTICATION: Tentativa de login bem-sucedida para o email: coord_regional@protecao.gov.pt
[2024-11-20 17:37:17] ACTIVE_USERS: coord_regional@protecao.gov.pt

---------------------------

Relatório do Sistema - 2024-11-20 17:37:47
Operações Recentes:
[2024-11-20 17:36:39] AUTHENTICATION: Tentativa de login bem-sucedida para o email: coord_regional@protecao.gov.pt
[2024-11-20 17:36:39] ACTIVE_USERS: coord_regional@protecao.gov.pt
[2024-11-20 17:36:53] ACTIVE_USERS: 
[2024-11-20 17:37:08] ACTIVE_USERS: 
[2024-11-20 17:37:17] AUTHENTICATION: Tentativa de login bem-sucedida para o email: coord_regional@protecao.gov.pt
[2024-11-20 17:37:17] ACTIVE_USERS: coord_regional@protecao.gov.pt

---------------------------

Relatório do Sistema - 2024-11-20 17:37:52
Operações Recentes:
[2024-11-20 17:36:39] AUTHENTICATION: Tentativa de login bem-sucedida para o email: coord_regional@protecao.gov.pt
[2024-11-20 17:36:39] ACTIVE_USERS: coord_regional@protecao.gov.pt
[2024-11-20 17:36:53] ACTIVE_USERS: 
[2024-11-20 17:37:08] ACTIVE_USERS: 
[2024-11-20 17:37:17] AUTHENTICATION: Tentativa de login bem-sucedida para o email: coord_regional@protecao.gov.pt
[2024-11-20 17:37:17] ACTIVE_USERS: coord_regional@protecao.gov.pt

---------------------------

Relatório do Sistema - 2024-11-20 17:37:57
Operações Recentes:
[2024-11-20 17:36:39] AUTHENTICATION: Tentativa de login bem-sucedida para o email: coord_regional@protecao.gov.pt
[2024-11-20 17:36:39] ACTIVE_USERS: coord_regional@protecao.gov.pt
[2024-11-20 17:36:53] ACTIVE_USERS: 
[2024-11-20 17:37:08] ACTIVE_USERS: 
[2024-11-20 17:37:17] AUTHENTICATION: Tentativa de login bem-sucedida para o email: coord_regional@protecao.gov.pt
[2024-11-20 17:37:17] ACTIVE_USERS: coord_regional@protecao.gov.pt

---------------------------

Relatório do Sistema - 2024-11-20 17:38:02
Operações Recentes:
[2024-11-20 17:36:39] AUTHENTICATION: Tentativa de login bem-sucedida para o email: coord_regional@protecao.gov.pt
[2024-11-20 17:36:39] ACTIVE_USERS: coord_regional@protecao.gov.pt
[2024-11-20 17:36:53] ACTIVE_USERS: 
[2024-11-20 17:37:08] ACTIVE_USERS: 
[2024-11-20 17:37:17] AUTHENTICATION: Tentativa de login bem-sucedida para o email: coord_regional@protecao.gov.pt
[2024-11-20 17:37:17] ACTIVE_USERS: coord_regional@protecao.gov.pt

---------------------------

Relatório do Sistema - 2024-11-20 17:38:07
Operações Recentes:
[2024-11-20 17:36:39] AUTHENTICATION: Tentativa de login bem-sucedida para o email: coord_regional@protecao.gov.pt
[2024-11-20 17:36:39] ACTIVE_USERS: coord_regional@protecao.gov.pt
[2024-11-20 17:36:53] ACTIVE_USERS: 
[2024-11-20 17:37:08] ACTIVE_USERS: 
[2024-11-20 17:37:17] AUTHENTICATION: Tentativa de login bem-sucedida para o email: coord_regional@protecao.gov.pt
[2024-11-20 17:37:17] ACTIVE_USERS: coord_regional@protecao.gov.pt

---------------------------

Relatório do Sistema - 2024-11-20 17:38:12
Operações Recentes:
[2024-11-20 17:36:39] AUTHENTICATION: Tentativa de login bem-sucedida para o email: coord_regional@protecao.gov.pt
[2024-11-20 17:36:39] ACTIVE_USERS: coord_regional@protecao.gov.pt
[2024-11-20 17:36:53] ACTIVE_USERS: 
[2024-11-20 17:37:08] ACTIVE_USERS: 
[2024-11-20 17:37:17] AUTHENTICATION: Tentativa de login bem-sucedida para o email: coord_regional@protecao.gov.pt
[2024-11-20 17:37:17] ACTIVE_USERS: coord_regional@protecao.gov.pt

---------------------------

Relatório do Sistema - 2024-11-20 17:38:17
Operações Recentes:
[2024-11-20 17:36:39] AUTHENTICATION: Tentativa de login bem-sucedida para o email: coord_regional@protecao.gov.pt
[2024-11-20 17:36:39] ACTIVE_USERS: coord_regional@protecao.gov.pt
[2024-11-20 17:36:53] ACTIVE_USERS: 
[2024-11-20 17:37:08] ACTIVE_USERS: 
[2024-11-20 17:37:17] AUTHENTICATION: Tentativa de login bem-sucedida para o email: coord_regional@protecao.gov.pt
[2024-11-20 17:37:17] ACTIVE_USERS: coord_regional@protecao.gov.pt

---------------------------

Relatório do Sistema - 2024-11-20 17:38:22
Operações Recentes:
[2024-11-20 17:36:39] AUTHENTICATION: Tentativa de login bem-sucedida para o email: coord_regional@protecao.gov.pt
[2024-11-20 17:36:39] ACTIVE_USERS: coord_regional@protecao.gov.pt
[2024-11-20 17:36:53] ACTIVE_USERS: 
[2024-11-20 17:37:08] ACTIVE_USERS: 
[2024-11-20 17:37:17] AUTHENTICATION: Tentativa de login bem-sucedida para o email: coord_regional@protecao.gov.pt
[2024-11-20 17:37:17] ACTIVE_USERS: coord_regional@protecao.gov.pt

---------------------------

Relatório do Sistema - 2024-11-20 17:38:27
Operações Recentes:
[2024-11-20 17:36:39] AUTHENTICATION: Tentativa de login bem-sucedida para o email: coord_regional@protecao.gov.pt
[2024-11-20 17:36:39] ACTIVE_USERS: coord_regional@protecao.gov.pt
[2024-11-20 17:36:53] ACTIVE_USERS: 
[2024-11-20 17:37:08] ACTIVE_USERS: 
[2024-11-20 17:37:17] AUTHENTICATION: Tentativa de login bem-sucedida para o email: coord_regional@protecao.gov.pt
[2024-11-20 17:37:17] ACTIVE_USERS: coord_regional@protecao.gov.pt

---------------------------

Relatório do Sistema - 2024-11-20 17:38:32
Operações Recentes:
[2024-11-20 17:36:39] AUTHENTICATION: Tentativa de login bem-sucedida para o email: coord_regional@protecao.gov.pt
[2024-11-20 17:36:39] ACTIVE_USERS: coord_regional@protecao.gov.pt
[2024-11-20 17:36:53] ACTIVE_USERS: 
[2024-11-20 17:37:08] ACTIVE_USERS: 
[2024-11-20 17:37:17] AUTHENTICATION: Tentativa de login bem-sucedida para o email: coord_regional@protecao.gov.pt
[2024-11-20 17:37:17] ACTIVE_USERS: coord_regional@protecao.gov.pt

---------------------------

Relatório do Sistema - 2024-11-20 17:38:37
Operações Recentes:
[2024-11-20 17:36:39] AUTHENTICATION: Tentativa de login bem-sucedida para o email: coord_regional@protecao.gov.pt
[2024-11-20 17:36:39] ACTIVE_USERS: coord_regional@protecao.gov.pt
[2024-11-20 17:36:53] ACTIVE_USERS: 
[2024-11-20 17:37:08] ACTIVE_USERS: 
[2024-11-20 17:37:17] AUTHENTICATION: Tentativa de login bem-sucedida para o email: coord_regional@protecao.gov.pt
[2024-11-20 17:37:17] ACTIVE_USERS: coord_regional@protecao.gov.pt

---------------------------

Relatório do Sistema - 2024-11-20 17:38:42
Operações Recentes:
[2024-11-20 17:36:39] AUTHENTICATION: Tentativa de login bem-sucedida para o email: coord_regional@protecao.gov.pt
[2024-11-20 17:36:39] ACTIVE_USERS: coord_regional@protecao.gov.pt
[2024-11-20 17:36:53] ACTIVE_USERS: 
[2024-11-20 17:37:08] ACTIVE_USERS: 
[2024-11-20 17:37:17] AUTHENTICATION: Tentativa de login bem-sucedida para o email: coord_regional@protecao.gov.pt
[2024-11-20 17:37:17] ACTIVE_USERS: coord_regional@protecao.gov.pt
[2024-11-20 17:38:38] ACTIVE_USERS: 

---------------------------

Relatório do Sistema - 2024-11-20 17:38:47
Operações Recentes:
[2024-11-20 17:36:39] AUTHENTICATION: Tentativa de login bem-sucedida para o email: coord_regional@protecao.gov.pt
[2024-11-20 17:36:39] ACTIVE_USERS: coord_regional@protecao.gov.pt
[2024-11-20 17:36:53] ACTIVE_USERS: 
[2024-11-20 17:37:08] ACTIVE_USERS: 
[2024-11-20 17:37:17] AUTHENTICATION: Tentativa de login bem-sucedida para o email: coord_regional@protecao.gov.pt
[2024-11-20 17:37:17] ACTIVE_USERS: coord_regional@protecao.gov.pt
[2024-11-20 17:38:38] ACTIVE_USERS: 

---------------------------

Relatório do Sistema - 2024-11-20 17:38:52
Operações Recentes:
[2024-11-20 17:36:39] AUTHENTICATION: Tentativa de login bem-sucedida para o email: coord_regional@protecao.gov.pt
[2024-11-20 17:36:39] ACTIVE_USERS: coord_regional@protecao.gov.pt
[2024-11-20 17:36:53] ACTIVE_USERS: 
[2024-11-20 17:37:08] ACTIVE_USERS: 
[2024-11-20 17:37:17] AUTHENTICATION: Tentativa de login bem-sucedida para o email: coord_regional@protecao.gov.pt
[2024-11-20 17:37:17] ACTIVE_USERS: coord_regional@protecao.gov.pt
[2024-11-20 17:38:38] ACTIVE_USERS: 
[2024-11-20 17:38:51] AUTHENTICATION: Tentativa de login bem-sucedida para o email: coord_regional@protecao.gov.pt
[2024-11-20 17:38:51] ACTIVE_USERS: coord_regional@protecao.gov.pt

---------------------------

Relatório do Sistema - 2024-11-20 17:39:00
Operações Recentes:

---------------------------

Relatório do Sistema - 2024-11-20 17:39:05
Operações Recentes:

---------------------------

Relatório do Sistema - 2024-11-20 17:39:10
Operações Recentes:

---------------------------

Relatório do Sistema - 2024-11-20 17:39:15
Operações Recentes:
[2024-11-20 17:39:12] AUTHENTICATION: Tentativa de login bem-sucedida para o email: coord_regional@protecao.gov.pt
[2024-11-20 17:39:12] ACTIVE_USERS: coord_regional@protecao.gov.pt

---------------------------

Relatório do Sistema - 2024-11-20 17:39:20
Operações Recentes:
[2024-11-20 17:39:12] AUTHENTICATION: Tentativa de login bem-sucedida para o email: coord_regional@protecao.gov.pt
[2024-11-20 17:39:12] ACTIVE_USERS: coord_regional@protecao.gov.pt

---------------------------

Relatório do Sistema - 2024-11-20 17:39:25
Operações Recentes:
[2024-11-20 17:39:12] AUTHENTICATION: Tentativa de login bem-sucedida para o email: coord_regional@protecao.gov.pt
[2024-11-20 17:39:12] ACTIVE_USERS: coord_regional@protecao.gov.pt

---------------------------

Relatório do Sistema - 2024-11-20 17:39:30
Operações Recentes:
[2024-11-20 17:39:12] AUTHENTICATION: Tentativa de login bem-sucedida para o email: coord_regional@protecao.gov.pt
[2024-11-20 17:39:12] ACTIVE_USERS: coord_regional@protecao.gov.pt

---------------------------

Relatório do Sistema - 2024-11-20 17:39:35
Operações Recentes:
[2024-11-20 17:39:12] AUTHENTICATION: Tentativa de login bem-sucedida para o email: coord_regional@protecao.gov.pt
[2024-11-20 17:39:12] ACTIVE_USERS: coord_regional@protecao.gov.pt

---------------------------

Relatório do Sistema - 2024-11-20 17:39:40
Operações Recentes:
[2024-11-20 17:39:12] AUTHENTICATION: Tentativa de login bem-sucedida para o email: coord_regional@protecao.gov.pt
[2024-11-20 17:39:12] ACTIVE_USERS: coord_regional@protecao.gov.pt

---------------------------

Relatório do Sistema - 2024-11-20 17:39:45
Operações Recentes:
[2024-11-20 17:39:12] AUTHENTICATION: Tentativa de login bem-sucedida para o email: coord_regional@protecao.gov.pt
[2024-11-20 17:39:12] ACTIVE_USERS: coord_regional@protecao.gov.pt

---------------------------

Relatório do Sistema - 2024-11-20 17:39:50
Operações Recentes:
[2024-11-20 17:39:12] AUTHENTICATION: Tentativa de login bem-sucedida para o email: coord_regional@protecao.gov.pt
[2024-11-20 17:39:12] ACTIVE_USERS: coord_regional@protecao.gov.pt

---------------------------

Relatório do Sistema - 2024-11-20 17:39:55
Operações Recentes:
[2024-11-20 17:39:12] AUTHENTICATION: Tentativa de login bem-sucedida para o email: coord_regional@protecao.gov.pt
[2024-11-20 17:39:12] ACTIVE_USERS: coord_regional@protecao.gov.pt

---------------------------

Relatório do Sistema - 2024-11-20 17:40:00
Operações Recentes:
[2024-11-20 17:39:12] AUTHENTICATION: Tentativa de login bem-sucedida para o email: coord_regional@protecao.gov.pt
[2024-11-20 17:39:12] ACTIVE_USERS: coord_regional@protecao.gov.pt

---------------------------

