[2024-11-20 17:04:20] AUTHENTICATION: Tentativa de login bem-sucedida para o email: coord_regional@protecao.gov.pt
[2024-11-20 17:04:20] ACTIVE_USERS: coord_regional@protecao.gov.pt
[2024-11-20 17:06:30] ACTIVE_USERS: 
[2024-11-20 17:06:41] AUTHENTICATION: Tentativa de login bem-sucedida para o email: coord_regional@protecao.gov.pt
[2024-11-20 17:06:41] ACTIVE_USERS: coord_regional@protecao.gov.pt
[2024-11-20 17:07:10] AUTHENTICATION: Tentativa de login bem-sucedida para o email: coord_regional@protecao.gov.pt
[2024-11-20 17:07:10] ACTIVE_USERS: coord_regional@protecao.gov.pt
[2024-11-20 17:08:15] ACTIVE_USERS: 
[2024-11-20 17:08:58] AUTHENTICATION: Tentativa de login bem-sucedida para o email: coord_regional@protecao.gov.pt
[2024-11-20 17:08:58] ACTIVE_USERS: coord_regional@protecao.gov.pt
[2024-11-20 17:11:35] ACTIVE_USERS: 
[2024-11-20 17:11:53] ACTIVE_USERS: 
[2024-11-20 17:12:04] AUTHENTICATION: Tentativa de login bem-sucedida para o email: coord_regional@protecao.gov.pt
[2024-11-20 17:12:04] ACTIVE_USERS: coord_regional@protecao.gov.pt
[2024-11-20 17:13:52] AUTHENTICATION: Tentativa de login bem-sucedida para o email: coord_regional@protecao.gov.pt
[2024-11-20 17:13:52] ACTIVE_USERS: coord_regional@protecao.gov.pt
[2024-11-20 17:19:43] AUTHENTICATION: Tentativa de login bem-sucedida para o email: coord_regional@protecao.gov.pt
[2024-11-20 17:19:43] ACTIVE_USERS: coord_regional@protecao.gov.pt
[2024-11-20 17:21:38] AUTHENTICATION: Tentativa de login bem-sucedida para o email: coord_regional@protecao.gov.pt
[2024-11-20 17:21:38] ACTIVE_USERS: coord_regional@protecao.gov.pt
[2024-11-20 17:26:02] AUTHENTICATION: Tentativa de login bem-sucedida para o email: coord_regional@protecao.gov.pt
[2024-11-20 17:26:02] ACTIVE_USERS: coord_regional@protecao.gov.pt
[2024-11-20 17:34:53] AUTHENTICATION: Tentativa de login bem-sucedida para o email: coord_regional@protecao.gov.pt
[2024-11-20 17:34:53] ACTIVE_USERS: coord_regional@protecao.gov.pt
[2024-11-20 17:36:39] AUTHENTICATION: Tentativa de login bem-sucedida para o email: coord_regional@protecao.gov.pt
[2024-11-20 17:36:39] ACTIVE_USERS: coord_regional@protecao.gov.pt
[2024-11-20 17:36:53] ACTIVE_USERS: 
[2024-11-20 17:37:08] ACTIVE_USERS: 
[2024-11-20 17:37:17] AUTHENTICATION: Tentativa de login bem-sucedida para o email: coord_regional@protecao.gov.pt
[2024-11-20 17:37:17] ACTIVE_USERS: coord_regional@protecao.gov.pt
[2024-11-20 17:38:38] ACTIVE_USERS: 
[2024-11-20 17:38:51] AUTHENTICATION: Tentativa de login bem-sucedida para o email: coord_regional@protecao.gov.pt
[2024-11-20 17:38:51] ACTIVE_USERS: coord_regional@protecao.gov.pt
[2024-11-20 17:39:12] AUTHENTICATION: Tentativa de login bem-sucedida para o email: coord_regional@protecao.gov.pt
[2024-11-20 17:39:12] ACTIVE_USERS: coord_regional@protecao.gov.pt
[2024-12-13 19:17:35] ACTIVE_USERS: 
[2024-12-13 19:42:24] AUTHENTICATION: Tentativa de login bem-sucedida para o email: alice@example.com
[2024-12-13 19:42:24] ACTIVE_USERS: alice@example.com
[2024-12-13 19:42:24] ACTIVE_USERS: alice@example.com
[2024-12-13 19:45:09] AUTHENTICATION: Tentativa de login bem-sucedida para o email: alice@example.com
[2024-12-13 19:45:18] ACTIVE_USERS: alice@example.com
[2024-12-13 19:47:25] AUTHENTICATION: Tentativa de login bem-sucedida para o email: alice@example.com
[2024-12-13 19:47:25] ACTIVE_USERS: alice@example.com
[2024-12-13 19:53:19] AUTHENTICATION: Tentativa de login bem-sucedida para o email: alice@example.com
[2024-12-13 19:53:22] ACTIVE_USERS: alice@example.com
[2024-12-13 19:54:10] ACTIVE_USERS: alice@example.com
[2024-12-13 19:55:15] AUTHENTICATION: Tentativa de login bem-sucedida para o email: alice@example.com
[2024-12-13 19:55:15] ACTIVE_USERS: alice@example.com
[2024-12-13 19:57:26] ACTIVE_USERS: alice@example.com
[2024-12-13 20:18:42] AUTHENTICATION: Tentativa de login bem-sucedida para o email: alice@example.com
[2024-12-13 20:18:42] ACTIVE_USERS: alice@example.com
[2024-12-13 20:18:42] ACTIVE_USERS: alice@example.com
[2024-12-13 20:25:35] ACTIVE_USERS: 
[2024-12-13 20:26:38] AUTHENTICATION: Tentativa de login bem-sucedida para o email: alice@example.com
[2024-12-13 20:26:38] ACTIVE_USERS: alice@example.com
[2024-12-13 20:27:38] ACTIVE_USERS: alice@example.com
[2024-12-13 20:29:17] AUTHENTICATION: Tentativa de login bem-sucedida para o email: alice@example.com
[2024-12-13 20:29:17] ACTIVE_USERS: alice@example.com
[2024-12-13 20:46:22] AUTHENTICATION: Tentativa de login bem-sucedida para o email: alice@example.com
[2024-12-13 20:47:18] ACTIVE_USERS: alice@example.com
[2024-12-13 20:50:31] AUTHENTICATION: Tentativa de login bem-sucedida para o email: alice@example.com
[2024-12-13 20:53:02] AUTHENTICATION: Tentativa de login bem-sucedida para o email: alice@example.com
[2024-12-13 20:53:20] ACTIVE_USERS: alice@example.com
[2024-12-13 20:56:53] AUTHENTICATION: Tentativa de login bem-sucedida para o email: marlene@example
[2024-12-13 20:56:53] ACTIVE_USERS: marlene@example
[2024-12-13 20:57:26] ACTIVE_USERS: 
[2024-12-13 20:57:48] AUTHENTICATION: Tentativa de login bem-sucedida para o email: marlene@example
[2024-12-13 20:57:48] ACTIVE_USERS: marlene@example
